2022-02-01 10:12:12,745 | SERVER_CODE |  INFO | [457] Building ServerCode Model for path (/opt/backendless/repo/2338d9e8-6a00-a259-ff96-7507df32ab00/files/servercode/CODELESS/NEAR/PRODUCTION)
2022-02-01 10:12:12,747 | SERVER_CODE |  INFO | [457] ServerCode Model built in 5ms
2022-02-01 10:12:12,750 | SERVER_CODE |  INFO | [457] [A862559C-8C70-8F5D-FF4B-EFB0FBF7D600] [INVOKE SERVICE] services.NEAR.Login
2022-02-01 10:12:14,943 | SERVER_CODE |  INFO | [457] Processing finished in 2208.184ms
2022-02-01 10:14:26,106 | SERVER_CODE |  INFO | [919] Building ServerCode Model for path (/opt/backendless/repo/2338d9e8-6a00-a259-ff96-7507df32ab00/files/servercode/CODELESS/NEAR/PRODUCTION)
2022-02-01 10:14:26,108 | SERVER_CODE |  INFO | [919] ServerCode Model built in 5ms
2022-02-01 10:14:26,110 | SERVER_CODE |  INFO | [919] [EFDD9E24-9554-EC5C-FFA2-0FB3C4D59400] [INVOKE SERVICE] services.NEAR.getInfoByTransaction
2022-02-01 10:14:26,384 | SERVER_CODE |  INFO | [919] Processing finished in 287.882ms
2022-02-01 10:14:26,722 | SERVER_CODE |  INFO | [1626] Building ServerCode Model for path (/opt/backendless/repo/2338d9e8-6a00-a259-ff96-7507df32ab00/files/servercode/CODELESS/NEAR/PRODUCTION)
2022-02-01 10:14:26,723 | SERVER_CODE |  INFO | [1626] ServerCode Model built in 5ms
2022-02-01 10:14:26,727 | SERVER_CODE |  INFO | [1626] [73CE2EDC-05AE-79A7-FF85-CA8A3D14C300] [INVOKE SERVICE] services.NEAR.getPrivateKey
2022-02-01 10:14:26,939 | SERVER_CODE |  INFO | [1626] Processing finished in 230.133ms
2022-02-01 10:16:24,110 | SERVER_CODE |  INFO | [1040] Building ServerCode Model for path (/opt/backendless/repo/2338d9e8-6a00-a259-ff96-7507df32ab00/files/servercode/CODELESS/NEAR/PRODUCTION)
2022-02-01 10:16:24,112 | SERVER_CODE |  INFO | [1040] ServerCode Model built in 5ms
2022-02-01 10:16:24,115 | SERVER_CODE |  INFO | [1040] [11A351F6-1226-254E-FF74-903E558EE100] [INVOKE SERVICE] services.NEAR.Login
2022-02-01 10:16:24,440 | SERVER_CODE |  INFO | [1040] Processing finished in 338.460ms
2022-02-01 10:16:43,202 | SERVER_CODE |  INFO | [32114] Building ServerCode Model for path (/opt/backendless/repo/2338d9e8-6a00-a259-ff96-7507df32ab00/files/servercode/CODELESS/NEAR/PRODUCTION)
2022-02-01 10:16:43,204 | SERVER_CODE |  INFO | [32114] ServerCode Model built in 6ms
2022-02-01 10:16:43,207 | SERVER_CODE |  INFO | [32114] [11EF5F4E-41DD-AA7E-FF3F-6F1B916B4700] [INVOKE SERVICE] services.NEAR.getInfoByTransaction
2022-02-01 10:16:43,270 | SERVER_CODE |  INFO | [32114] Processing finished in 79.547ms
2022-02-01 10:16:43,544 | SERVER_CODE |  INFO | [1051] Building ServerCode Model for path (/opt/backendless/repo/2338d9e8-6a00-a259-ff96-7507df32ab00/files/servercode/CODELESS/NEAR/PRODUCTION)
2022-02-01 10:16:43,546 | SERVER_CODE |  INFO | [1051] ServerCode Model built in 5ms
2022-02-01 10:16:43,548 | SERVER_CODE |  INFO | [1051] [ED309810-B2A7-0DAC-FF1E-79A7A53E6400] [INVOKE SERVICE] services.NEAR.getPrivateKey
2022-02-01 10:16:43,682 | SERVER_CODE |  INFO | [1051] Processing finished in 146.247ms
2022-02-01 10:17:20,904 | SERVER_CODE |  INFO | [1802] Building ServerCode Model for path (/opt/backendless/repo/2338d9e8-6a00-a259-ff96-7507df32ab00/files/servercode/CODELESS/NEAR/PRODUCTION)
2022-02-01 10:17:20,906 | SERVER_CODE |  INFO | [1802] ServerCode Model built in 6ms
2022-02-01 10:17:20,909 | SERVER_CODE |  INFO | [1802] [78393666-09D2-32D2-FFD9-C5F1A6767600] [INVOKE SERVICE] services.NEAR.Login
2022-02-01 10:17:21,220 | SERVER_CODE |  INFO | [1802] Processing finished in 325.474ms
2022-02-01 10:17:39,470 | SERVER_CODE |  INFO | [1813] Building ServerCode Model for path (/opt/backendless/repo/2338d9e8-6a00-a259-ff96-7507df32ab00/files/servercode/CODELESS/NEAR/PRODUCTION)
2022-02-01 10:17:39,472 | SERVER_CODE |  INFO | [1813] ServerCode Model built in 5ms
2022-02-01 10:17:39,474 | SERVER_CODE |  INFO | [1813] [CEC0CDDD-F3B0-6A34-FFCB-0283AD0F8600] [INVOKE SERVICE] services.NEAR.getInfoByTransaction
2022-02-01 10:17:41,550 | SERVER_CODE |  INFO | [1813] Processing finished in 2088.043ms
2022-02-01 10:17:41,851 | SERVER_CODE |  INFO | [32180] Building ServerCode Model for path (/opt/backendless/repo/2338d9e8-6a00-a259-ff96-7507df32ab00/files/servercode/CODELESS/NEAR/PRODUCTION)
2022-02-01 10:17:41,853 | SERVER_CODE |  INFO | [32180] ServerCode Model built in 5ms
2022-02-01 10:17:41,856 | SERVER_CODE |  INFO | [32180] [64920106-FE53-E71B-FF8A-28205EB5E000] [INVOKE SERVICE] services.NEAR.getPrivateKey
2022-02-01 10:17:41,993 | SERVER_CODE |  INFO | [32180] Processing finished in 150.414ms
2022-02-01 10:21:14,405 | SERVER_CODE |  INFO | [2044] Building ServerCode Model for path (/opt/backendless/repo/2338d9e8-6a00-a259-ff96-7507df32ab00/files/servercode/CODELESS/NEAR/PRODUCTION)
2022-02-01 10:21:14,407 | SERVER_CODE |  INFO | [2044] ServerCode Model built in 5ms
2022-02-01 10:21:14,410 | SERVER_CODE |  INFO | [2044] [BF620534-EBFA-AE5B-FF88-170A29E84100] [INVOKE SERVICE] services.NEAR.Login
2022-02-01 10:21:14,560 | SERVER_CODE |  INFO | [2044] Processing finished in 164.384ms
2022-02-01 10:21:35,159 | SERVER_CODE |  INFO | [32422] Building ServerCode Model for path (/opt/backendless/repo/2338d9e8-6a00-a259-ff96-7507df32ab00/files/servercode/CODELESS/NEAR/PRODUCTION)
2022-02-01 10:21:35,161 | SERVER_CODE |  INFO | [32422] ServerCode Model built in 5ms
2022-02-01 10:21:35,164 | SERVER_CODE |  INFO | [32422] [3979F525-766F-F289-FFAD-81408E1A0B00] [INVOKE SERVICE] services.NEAR.getInfoByTransaction
2022-02-01 10:21:35,247 | SERVER_CODE |  INFO | [32422] Processing finished in 96.790ms
2022-02-01 10:21:35,557 | SERVER_CODE |  INFO | [1359] Building ServerCode Model for path (/opt/backendless/repo/2338d9e8-6a00-a259-ff96-7507df32ab00/files/servercode/CODELESS/NEAR/PRODUCTION)
2022-02-01 10:21:35,559 | SERVER_CODE |  INFO | [1359] ServerCode Model built in 6ms
2022-02-01 10:21:35,562 | SERVER_CODE |  INFO | [1359] [04B23945-D64F-7E0F-FFB4-620885770F00] [INVOKE SERVICE] services.NEAR.getPrivateKey
2022-02-01 10:21:35,686 | SERVER_CODE |  INFO | [1359] Processing finished in 139.031ms
2022-02-01 10:23:55,783 | SERVER_CODE |  INFO | [1502] Building ServerCode Model for path (/opt/backendless/repo/2338d9e8-6a00-a259-ff96-7507df32ab00/files/servercode/CODELESS/NEAR/PRODUCTION)
2022-02-01 10:23:55,785 | SERVER_CODE |  INFO | [1502] ServerCode Model built in 5ms
2022-02-01 10:23:55,788 | SERVER_CODE |  INFO | [1502] [C422929A-623B-EFEA-FFE7-41DFA8627300] [INVOKE SERVICE] services.NEAR.Login
2022-02-01 10:23:55,949 | SERVER_CODE |  INFO | [1502] Processing finished in 177.718ms
2022-02-01 10:24:17,409 | SERVER_CODE |  INFO | [32587] Building ServerCode Model for path (/opt/backendless/repo/2338d9e8-6a00-a259-ff96-7507df32ab00/files/servercode/CODELESS/NEAR/PRODUCTION)
2022-02-01 10:24:17,410 | SERVER_CODE |  INFO | [32587] ServerCode Model built in 5ms
2022-02-01 10:24:17,412 | SERVER_CODE |  INFO | [32587] [3268CD4F-AB6A-39A6-FFBA-0A1B68237400] [INVOKE SERVICE] services.NEAR.getInfoByTransaction
2022-02-01 10:24:17,467 | SERVER_CODE |  INFO | [32587] Processing finished in 67.214ms
2022-02-01 10:24:17,698 | SERVER_CODE |  INFO | [1524] Building ServerCode Model for path (/opt/backendless/repo/2338d9e8-6a00-a259-ff96-7507df32ab00/files/servercode/CODELESS/NEAR/PRODUCTION)
2022-02-01 10:24:17,700 | SERVER_CODE |  INFO | [1524] ServerCode Model built in 5ms
2022-02-01 10:24:17,702 | SERVER_CODE |  INFO | [1524] [4ABD3BDE-53B4-2842-FF35-95382AD06200] [INVOKE SERVICE] services.NEAR.getPrivateKey
2022-02-01 10:24:20,477 | SERVER_CODE |  INFO | [1524] Processing finished in 2787.867ms
2022-02-01 15:21:05,178 | SERVER_CODE |  INFO | [6088] [ANALYSE CODE] codePath: /opt/backendless/repo/2338d9e8-6a00-a259-ff96-7507df32ab00/files/servercode/CODELESS/NEAR/DRAFT
2022-02-01 15:21:05,180 | SERVER_CODE |  INFO | [6088] Building Model..
2022-02-01 15:21:05,323 | SERVER_CODE |  INFO | [6088] ServerCode Model built in 143ms
2022-02-01 15:21:05,323 | SERVER_CODE |  INFO | [6088] Services (1):
2022-02-01 15:21:05,323 | SERVER_CODE |  INFO | [6088]   NEAR (services/NEAR/index.js)
2022-02-01 15:21:05,326 | SERVER_CODE |  INFO | [6088] Processing finished in 160.637ms
2022-02-01 15:21:05,940 | SERVER_CODE |  INFO | [4479] [ANALYSE CODE] codePath: /opt/backendless/repo/2338d9e8-6a00-a259-ff96-7507df32ab00/files/servercode/CODELESS/NEAR/DRAFT
2022-02-01 15:21:05,941 | SERVER_CODE |  INFO | [4479] Building Model..
2022-02-01 15:21:06,063 | SERVER_CODE |  INFO | [4479] ServerCode Model built in 122ms
2022-02-01 15:21:06,063 | SERVER_CODE |  INFO | [4479] Services (1):
2022-02-01 15:21:06,063 | SERVER_CODE |  INFO | [4479]   NEAR (services/NEAR/index.js)
2022-02-01 15:21:06,066 | SERVER_CODE |  INFO | [4479] Processing finished in 134.912ms
2022-02-01 15:40:45,979 | SERVER_CODE |  INFO | [8292] [ANALYSE CODE] codePath: /opt/backendless/repo/2338d9e8-6a00-a259-ff96-7507df32ab00/files/servercode/CODELESS/NEAR/DRAFT
2022-02-01 15:40:45,981 | SERVER_CODE |  INFO | [8292] Building Model..
2022-02-01 15:40:46,119 | SERVER_CODE |  INFO | [8292] ServerCode Model built in 138ms
2022-02-01 15:40:46,119 | SERVER_CODE |  INFO | [8292] Services (1):
2022-02-01 15:40:46,120 | SERVER_CODE |  INFO | [8292]   NEAR (services/NEAR/index.js)
2022-02-01 15:40:46,122 | SERVER_CODE |  INFO | [8292] Processing finished in 151.820ms
2022-02-01 15:40:46,638 | SERVER_CODE |  INFO | [6679] [ANALYSE CODE] codePath: /opt/backendless/repo/2338d9e8-6a00-a259-ff96-7507df32ab00/files/servercode/CODELESS/NEAR/DRAFT
2022-02-01 15:40:46,641 | SERVER_CODE |  INFO | [6679] Building Model..
2022-02-01 15:40:46,776 | SERVER_CODE |  INFO | [6679] ServerCode Model built in 135ms
2022-02-01 15:40:46,777 | SERVER_CODE |  INFO | [6679] Services (1):
2022-02-01 15:40:46,777 | SERVER_CODE |  INFO | [6679]   NEAR (services/NEAR/index.js)
2022-02-01 15:40:46,780 | SERVER_CODE |  INFO | [6679] Processing finished in 150.766ms
2022-02-01 15:41:02,327 | SERVER_CODE |  INFO | [8314] Building ServerCode Model for path (/opt/backendless/repo/2338d9e8-6a00-a259-ff96-7507df32ab00/files/servercode/CODELESS/NEAR/PRODUCTION)
2022-02-01 15:41:02,329 | SERVER_CODE |  INFO | [8314] ServerCode Model built in 6ms
2022-02-01 15:41:02,333 | SERVER_CODE |  INFO | [8314] [6E728B88-22D9-06E9-FF86-123530A32500] [INVOKE SERVICE] services.NEAR.view
2022-02-01 15:41:03,292 | SERVER_CODE |  INFO | [8314] Processing finished in 975.764ms
2022-02-01 16:02:56,188 | SERVER_CODE |  INFO | [11066] Building ServerCode Model for path (/opt/backendless/repo/2338d9e8-6a00-a259-ff96-7507df32ab00/files/servercode/CODELESS/NEAR/PRODUCTION)
2022-02-01 16:02:56,190 | SERVER_CODE |  INFO | [11066] ServerCode Model built in 5ms
2022-02-01 16:02:56,193 | SERVER_CODE |  INFO | [11066] [1AF0EBA9-08FD-E4F5-FF3B-3198D1740C00] [INVOKE SERVICE] services.NEAR.view
2022-02-01 16:02:56,535 | SERVER_CODE |  INFO | [11066] Processing finished in 356.541ms
2022-02-01 16:02:57,884 | SERVER_CODE |  INFO | [11728] Building ServerCode Model for path (/opt/backendless/repo/2338d9e8-6a00-a259-ff96-7507df32ab00/files/servercode/CODELESS/NEAR/PRODUCTION)
2022-02-01 16:02:57,886 | SERVER_CODE |  INFO | [11728] ServerCode Model built in 5ms
2022-02-01 16:02:57,890 | SERVER_CODE |  INFO | [11728] [662584DC-7F36-DCD1-FF53-6E8090333200] [INVOKE SERVICE] services.NEAR.view
2022-02-01 16:02:58,504 | SERVER_CODE |  INFO | [11728] Processing finished in 630.373ms
2022-02-01 16:02:59,873 | SERVER_CODE |  INFO | [9440] Building ServerCode Model for path (/opt/backendless/repo/2338d9e8-6a00-a259-ff96-7507df32ab00/files/servercode/CODELESS/NEAR/PRODUCTION)
2022-02-01 16:02:59,875 | SERVER_CODE |  INFO | [9440] ServerCode Model built in 5ms
2022-02-01 16:02:59,878 | SERVER_CODE |  INFO | [9440] [86229977-0989-50AC-FF82-4CE617002200] [INVOKE SERVICE] services.NEAR.view
2022-02-01 16:03:00,005 | SERVER_CODE |  INFO | [9440] Processing finished in 141.172ms
2022-02-01 16:03:01,909 | SERVER_CODE |  INFO | [11739] Building ServerCode Model for path (/opt/backendless/repo/2338d9e8-6a00-a259-ff96-7507df32ab00/files/servercode/CODELESS/NEAR/PRODUCTION)
2022-02-01 16:03:01,911 | SERVER_CODE |  INFO | [11739] ServerCode Model built in 6ms
2022-02-01 16:03:01,914 | SERVER_CODE |  INFO | [11739] [52BAC661-EF53-373A-FFA9-2FABA16A6B00] [INVOKE SERVICE] services.NEAR.view
2022-02-01 16:03:02,160 | SERVER_CODE |  INFO | [11739] Processing finished in 259.150ms
2022-02-01 16:03:03,845 | SERVER_CODE |  INFO | [11110] Building ServerCode Model for path (/opt/backendless/repo/2338d9e8-6a00-a259-ff96-7507df32ab00/files/servercode/CODELESS/NEAR/PRODUCTION)
2022-02-01 16:03:03,847 | SERVER_CODE |  INFO | [11110] ServerCode Model built in 5ms
2022-02-01 16:03:03,849 | SERVER_CODE |  INFO | [11110] [6A04C4D2-A66F-41E1-FF48-35077B109400] [INVOKE SERVICE] services.NEAR.view
2022-02-01 16:03:03,942 | SERVER_CODE |  INFO | [11110] Processing finished in 105.750ms
2022-02-01 16:03:05,841 | SERVER_CODE |  INFO | [9451] Building ServerCode Model for path (/opt/backendless/repo/2338d9e8-6a00-a259-ff96-7507df32ab00/files/servercode/CODELESS/NEAR/PRODUCTION)
2022-02-01 16:03:05,843 | SERVER_CODE |  INFO | [9451] ServerCode Model built in 5ms
2022-02-01 16:03:05,845 | SERVER_CODE |  INFO | [9451] [F6AF3E4D-9E38-01F7-FF0E-5F671827B800] [INVOKE SERVICE] services.NEAR.view
2022-02-01 16:03:05,983 | SERVER_CODE |  INFO | [9451] Processing finished in 150.184ms
2022-02-01 16:03:07,870 | SERVER_CODE |  INFO | [11121] Building ServerCode Model for path (/opt/backendless/repo/2338d9e8-6a00-a259-ff96-7507df32ab00/files/servercode/CODELESS/NEAR/PRODUCTION)
2022-02-01 16:03:07,872 | SERVER_CODE |  INFO | [11121] ServerCode Model built in 5ms
2022-02-01 16:03:07,874 | SERVER_CODE |  INFO | [11121] [7500DD52-2E54-23A4-FF42-82842BFE8600] [INVOKE SERVICE] services.NEAR.view
2022-02-01 16:03:08,053 | SERVER_CODE |  INFO | [11121] Processing finished in 191.595ms
2022-02-01 16:03:10,038 | SERVER_CODE |  INFO | [9462] Building ServerCode Model for path (/opt/backendless/repo/2338d9e8-6a00-a259-ff96-7507df32ab00/files/servercode/CODELESS/NEAR/PRODUCTION)
2022-02-01 16:03:10,039 | SERVER_CODE |  INFO | [9462] ServerCode Model built in 4ms
2022-02-01 16:03:10,041 | SERVER_CODE |  INFO | [9462] [9492895D-57F4-AE34-FFC6-14CFEF043400] [INVOKE SERVICE] services.NEAR.view
2022-02-01 16:03:10,125 | SERVER_CODE |  INFO | [9462] Processing finished in 95.078ms
2022-02-01 16:03:13,074 | SERVER_CODE |  INFO | [11132] Building ServerCode Model for path (/opt/backendless/repo/2338d9e8-6a00-a259-ff96-7507df32ab00/files/servercode/CODELESS/NEAR/PRODUCTION)
2022-02-01 16:03:13,076 | SERVER_CODE |  INFO | [11132] ServerCode Model built in 6ms
2022-02-01 16:03:13,078 | SERVER_CODE |  INFO | [11132] [FFBE423F-1C54-198F-FF1D-E33E5A3F5200] [INVOKE SERVICE] services.NEAR.view
2022-02-01 16:03:13,259 | SERVER_CODE |  INFO | [11132] Processing finished in 195.026ms
2022-02-01 16:03:15,790 | SERVER_CODE |  INFO | [11772] Building ServerCode Model for path (/opt/backendless/repo/2338d9e8-6a00-a259-ff96-7507df32ab00/files/servercode/CODELESS/NEAR/PRODUCTION)
2022-02-01 16:03:15,791 | SERVER_CODE |  INFO | [11772] ServerCode Model built in 5ms
2022-02-01 16:03:15,794 | SERVER_CODE |  INFO | [11772] [BE3379CE-AF45-6E0B-FFAA-AA9D66196E00] [INVOKE SERVICE] services.NEAR.view
2022-02-01 16:03:15,870 | SERVER_CODE |  INFO | [11772] Processing finished in 89.338ms
2022-02-01 16:03:19,499 | SERVER_CODE |  INFO | [9484] Building ServerCode Model for path (/opt/backendless/repo/2338d9e8-6a00-a259-ff96-7507df32ab00/files/servercode/CODELESS/NEAR/PRODUCTION)
2022-02-01 16:03:19,500 | SERVER_CODE |  INFO | [9484] ServerCode Model built in 5ms
2022-02-01 16:03:19,502 | SERVER_CODE |  INFO | [9484] [99DC438B-04C8-8C64-FF7E-CBF80338B100] [INVOKE SERVICE] services.NEAR.view
2022-02-01 16:03:19,694 | SERVER_CODE |  INFO | [9484] Processing finished in 203.179ms
2022-02-01 16:03:21,508 | SERVER_CODE |  INFO | [11154] Building ServerCode Model for path (/opt/backendless/repo/2338d9e8-6a00-a259-ff96-7507df32ab00/files/servercode/CODELESS/NEAR/PRODUCTION)
2022-02-01 16:03:21,509 | SERVER_CODE |  INFO | [11154] ServerCode Model built in 5ms
2022-02-01 16:03:21,511 | SERVER_CODE |  INFO | [11154] [46735F49-E603-FF19-FF9F-6982E2BB6E00] [INVOKE SERVICE] services.NEAR.view
2022-02-01 16:03:21,623 | SERVER_CODE |  INFO | [11154] Processing finished in 123.364ms
2022-02-01 16:03:23,509 | SERVER_CODE |  INFO | [9491] Building ServerCode Model for path (/opt/backendless/repo/2338d9e8-6a00-a259-ff96-7507df32ab00/files/servercode/CODELESS/NEAR/PRODUCTION)
2022-02-01 16:03:23,511 | SERVER_CODE |  INFO | [9491] ServerCode Model built in 6ms
2022-02-01 16:03:23,514 | SERVER_CODE |  INFO | [9491] [261C4EF2-5B54-BD0A-FFEB-7E25607BBC00] [INVOKE SERVICE] services.NEAR.view
2022-02-01 16:03:23,641 | SERVER_CODE |  INFO | [9491] Processing finished in 141.135ms
2022-02-01 16:03:25,641 | SERVER_CODE |  INFO | [11794] Building ServerCode Model for path (/opt/backendless/repo/2338d9e8-6a00-a259-ff96-7507df32ab00/files/servercode/CODELESS/NEAR/PRODUCTION)
2022-02-01 16:03:25,642 | SERVER_CODE |  INFO | [11794] ServerCode Model built in 5ms
2022-02-01 16:03:25,644 | SERVER_CODE |  INFO | [11794] [B301DE82-E95D-C084-FF45-BDF6A3B73F00] [INVOKE SERVICE] services.NEAR.view
2022-02-01 16:03:25,748 | SERVER_CODE |  INFO | [11794] Processing finished in 116.431ms
2022-02-01 16:03:27,538 | SERVER_CODE |  INFO | [11165] Building ServerCode Model for path (/opt/backendless/repo/2338d9e8-6a00-a259-ff96-7507df32ab00/files/servercode/CODELESS/NEAR/PRODUCTION)
2022-02-01 16:03:27,540 | SERVER_CODE |  INFO | [11165] ServerCode Model built in 5ms
2022-02-01 16:03:27,541 | SERVER_CODE |  INFO | [11165] [37165EAA-2663-38FF-FF2B-B04C47A87C00] [INVOKE SERVICE] services.NEAR.view
2022-02-01 16:03:27,647 | SERVER_CODE |  INFO | [11165] Processing finished in 117.017ms
2022-02-01 16:03:29,480 | SERVER_CODE |  INFO | [9506] Building ServerCode Model for path (/opt/backendless/repo/2338d9e8-6a00-a259-ff96-7507df32ab00/files/servercode/CODELESS/NEAR/PRODUCTION)
2022-02-01 16:03:29,482 | SERVER_CODE |  INFO | [9506] ServerCode Model built in 5ms
2022-02-01 16:03:29,484 | SERVER_CODE |  INFO | [9506] [196503ED-8DAE-5318-FFE0-9FC2F137E000] [INVOKE SERVICE] services.NEAR.view
2022-02-01 16:03:29,827 | SERVER_CODE |  INFO | [9506] Processing finished in 354.122ms
2022-02-01 16:03:31,481 | SERVER_CODE |  INFO | [11805] Building ServerCode Model for path (/opt/backendless/repo/2338d9e8-6a00-a259-ff96-7507df32ab00/files/servercode/CODELESS/NEAR/PRODUCTION)
2022-02-01 16:03:31,483 | SERVER_CODE |  INFO | [11805] ServerCode Model built in 5ms
2022-02-01 16:03:31,485 | SERVER_CODE |  INFO | [11805] [50EBDB66-E1F2-5032-FFC3-CC56E8464A00] [INVOKE SERVICE] services.NEAR.view
2022-02-01 16:03:31,583 | SERVER_CODE |  INFO | [11805] Processing finished in 109.800ms
2022-02-01 16:03:33,496 | SERVER_CODE |  INFO | [11176] Building ServerCode Model for path (/opt/backendless/repo/2338d9e8-6a00-a259-ff96-7507df32ab00/files/servercode/CODELESS/NEAR/PRODUCTION)
2022-02-01 16:03:33,498 | SERVER_CODE |  INFO | [11176] ServerCode Model built in 5ms
2022-02-01 16:03:33,500 | SERVER_CODE |  INFO | [11176] [9E145D3D-FC3C-4FF9-FFB7-CB38A4EE3600] [INVOKE SERVICE] services.NEAR.view
2022-02-01 16:03:33,633 | SERVER_CODE |  INFO | [11176] Processing finished in 146.240ms
2022-02-01 16:03:36,428 | SERVER_CODE |  INFO | [11187] Building ServerCode Model for path (/opt/backendless/repo/2338d9e8-6a00-a259-ff96-7507df32ab00/files/servercode/CODELESS/NEAR/PRODUCTION)
2022-02-01 16:03:36,430 | SERVER_CODE |  INFO | [11187] ServerCode Model built in 6ms
2022-02-01 16:03:36,433 | SERVER_CODE |  INFO | [11187] [44F13183-C18B-715D-FF97-C833D7619F00] [INVOKE SERVICE] services.NEAR.view
2022-02-01 16:03:36,527 | SERVER_CODE |  INFO | [11187] Processing finished in 107.907ms
2022-02-01 16:03:39,328 | SERVER_CODE |  INFO | [9528] Building ServerCode Model for path (/opt/backendless/repo/2338d9e8-6a00-a259-ff96-7507df32ab00/files/servercode/CODELESS/NEAR/PRODUCTION)
2022-02-01 16:03:39,330 | SERVER_CODE |  INFO | [9528] ServerCode Model built in 5ms
2022-02-01 16:03:39,332 | SERVER_CODE |  INFO | [9528] [0352F8B2-028F-2666-FFB2-B6E6444DF900] [INVOKE SERVICE] services.NEAR.view
2022-02-01 16:03:39,433 | SERVER_CODE |  INFO | [9528] Processing finished in 114.891ms
2022-02-01 16:03:44,941 | SERVER_CODE |  INFO | [11209] Building ServerCode Model for path (/opt/backendless/repo/2338d9e8-6a00-a259-ff96-7507df32ab00/files/servercode/CODELESS/NEAR/PRODUCTION)
2022-02-01 16:03:44,942 | SERVER_CODE |  INFO | [11209] ServerCode Model built in 5ms
2022-02-01 16:03:44,944 | SERVER_CODE |  INFO | [11209] [01DE23EE-51AC-47CC-FF3A-423EA69A2C00] [INVOKE SERVICE] services.NEAR.view
2022-02-01 16:03:45,097 | SERVER_CODE |  INFO | [11209] Processing finished in 167.128ms
2022-02-01 16:03:49,039 | SERVER_CODE |  INFO | [9594] Building ServerCode Model for path (/opt/backendless/repo/2338d9e8-6a00-a259-ff96-7507df32ab00/files/servercode/CODELESS/NEAR/PRODUCTION)
2022-02-01 16:03:49,041 | SERVER_CODE |  INFO | [9594] ServerCode Model built in 6ms
2022-02-01 16:03:49,043 | SERVER_CODE |  INFO | [9594] [987DCCD4-1F9A-3255-FFA7-4CA2EC156D00] [INVOKE SERVICE] services.NEAR.view
2022-02-01 16:03:49,139 | SERVER_CODE |  INFO | [9594] Processing finished in 109.519ms
2022-02-01 16:03:57,040 | SERVER_CODE |  INFO | [11915] Building ServerCode Model for path (/opt/backendless/repo/2338d9e8-6a00-a259-ff96-7507df32ab00/files/servercode/CODELESS/NEAR/PRODUCTION)
2022-02-01 16:03:57,041 | SERVER_CODE |  INFO | [11915] ServerCode Model built in 5ms
2022-02-01 16:03:57,043 | SERVER_CODE |  INFO | [11915] [08EF3831-C6BD-4303-FF1C-CCF7277B1400] [INVOKE SERVICE] services.NEAR.view
2022-02-01 16:03:57,185 | SERVER_CODE |  INFO | [11915] Processing finished in 152.851ms
2022-02-01 16:04:00,653 | SERVER_CODE |  INFO | [9616] Building ServerCode Model for path (/opt/backendless/repo/2338d9e8-6a00-a259-ff96-7507df32ab00/files/servercode/CODELESS/NEAR/PRODUCTION)
2022-02-01 16:04:00,655 | SERVER_CODE |  INFO | [9616] ServerCode Model built in 5ms
2022-02-01 16:04:00,657 | SERVER_CODE |  INFO | [9616] [5011A130-D3E8-5567-FF18-3CAE43057800] [INVOKE SERVICE] services.NEAR.view
2022-02-01 16:04:00,758 | SERVER_CODE |  INFO | [9616] Processing finished in 113.149ms
2022-02-01 16:04:16,683 | SERVER_CODE |  INFO | [9638] Building ServerCode Model for path (/opt/backendless/repo/2338d9e8-6a00-a259-ff96-7507df32ab00/files/servercode/CODELESS/NEAR/PRODUCTION)
2022-02-01 16:04:16,684 | SERVER_CODE |  INFO | [9638] ServerCode Model built in 5ms
2022-02-01 16:04:16,686 | SERVER_CODE |  INFO | [9638] [B2DBEFFA-172D-00B4-FFBD-A96AFEC7BB00] [INVOKE SERVICE] services.NEAR.view
2022-02-01 16:04:17,090 | SERVER_CODE |  INFO | [9638] Processing finished in 416.754ms
2022-02-01 16:04:28,648 | SERVER_CODE |  INFO | [11955] Building ServerCode Model for path (/opt/backendless/repo/2338d9e8-6a00-a259-ff96-7507df32ab00/files/servercode/CODELESS/NEAR/PRODUCTION)
2022-02-01 16:04:28,650 | SERVER_CODE |  INFO | [11955] ServerCode Model built in 6ms
2022-02-01 16:04:28,652 | SERVER_CODE |  INFO | [11955] [AED961F0-210A-9535-FFAE-4352C9B1AE00] [INVOKE SERVICE] services.NEAR.view
2022-02-01 16:04:28,806 | SERVER_CODE |  INFO | [11955] Processing finished in 166.553ms
2022-02-01 16:05:00,966 | SERVER_CODE |  INFO | [11440] Building ServerCode Model for path (/opt/backendless/repo/2338d9e8-6a00-a259-ff96-7507df32ab00/files/servercode/CODELESS/NEAR/PRODUCTION)
2022-02-01 16:05:00,968 | SERVER_CODE |  INFO | [11440] ServerCode Model built in 5ms
2022-02-01 16:05:00,970 | SERVER_CODE |  INFO | [11440] [8F3A13A4-C754-4ADD-FF90-903146BF5700] [INVOKE SERVICE] services.NEAR.view
2022-02-01 16:05:01,393 | SERVER_CODE |  INFO | [11440] Processing finished in 435.900ms
2022-02-01 16:05:23,767 | SERVER_CODE |  INFO | [9854] Building ServerCode Model for path (/opt/backendless/repo/2338d9e8-6a00-a259-ff96-7507df32ab00/files/servercode/CODELESS/NEAR/PRODUCTION)
2022-02-01 16:05:23,768 | SERVER_CODE |  INFO | [9854] ServerCode Model built in 4ms
2022-02-01 16:05:23,770 | SERVER_CODE |  INFO | [9854] [E1078051-9167-A8B7-FFFF-99756F439700] [INVOKE SERVICE] services.NEAR.view
2022-02-01 16:05:23,926 | SERVER_CODE |  INFO | [9854] Processing finished in 168.729ms
2022-02-01 16:05:25,747 | SERVER_CODE |  INFO | [11517] Building ServerCode Model for path (/opt/backendless/repo/2338d9e8-6a00-a259-ff96-7507df32ab00/files/servercode/CODELESS/NEAR/PRODUCTION)
2022-02-01 16:05:25,749 | SERVER_CODE |  INFO | [11517] ServerCode Model built in 5ms
2022-02-01 16:05:25,750 | SERVER_CODE |  INFO | [11517] [077CE5AF-39DB-77F5-FFEB-5711A2F8E800] [INVOKE SERVICE] services.NEAR.view
2022-02-01 16:05:25,831 | SERVER_CODE |  INFO | [11517] Processing finished in 91.740ms
2022-02-01 16:05:28,392 | SERVER_CODE |  INFO | [9869] Building ServerCode Model for path (/opt/backendless/repo/2338d9e8-6a00-a259-ff96-7507df32ab00/files/servercode/CODELESS/NEAR/PRODUCTION)
2022-02-01 16:05:28,394 | SERVER_CODE |  INFO | [9869] ServerCode Model built in 5ms
2022-02-01 16:05:28,396 | SERVER_CODE |  INFO | [9869] [E7917F65-1F23-E41D-FF80-8C80BD2C4800] [INVOKE SERVICE] services.NEAR.view
2022-02-01 16:05:28,547 | SERVER_CODE |  INFO | [9869] Processing finished in 163.286ms
2022-02-01 16:05:31,290 | SERVER_CODE |  INFO | [12179] Building ServerCode Model for path (/opt/backendless/repo/2338d9e8-6a00-a259-ff96-7507df32ab00/files/servercode/CODELESS/NEAR/PRODUCTION)
2022-02-01 16:05:31,291 | SERVER_CODE |  INFO | [12179] ServerCode Model built in 5ms
2022-02-01 16:05:31,294 | SERVER_CODE |  INFO | [12179] [87F7ABFF-0FE1-11F9-FFEC-CDC189E68300] [INVOKE SERVICE] services.NEAR.view
2022-02-01 16:05:31,403 | SERVER_CODE |  INFO | [12179] Processing finished in 120.997ms
2022-02-01 16:05:33,285 | SERVER_CODE |  INFO | [9880] Building ServerCode Model for path (/opt/backendless/repo/2338d9e8-6a00-a259-ff96-7507df32ab00/files/servercode/CODELESS/NEAR/PRODUCTION)
2022-02-01 16:05:33,286 | SERVER_CODE |  INFO | [9880] ServerCode Model built in 5ms
2022-02-01 16:05:33,288 | SERVER_CODE |  INFO | [9880] [46CCCBF1-13F2-BDB9-FF7B-DE4608525D00] [INVOKE SERVICE] services.NEAR.view
2022-02-01 16:05:33,427 | SERVER_CODE |  INFO | [9880] Processing finished in 150.277ms
2022-02-01 16:05:35,303 | SERVER_CODE |  INFO | [12190] Building ServerCode Model for path (/opt/backendless/repo/2338d9e8-6a00-a259-ff96-7507df32ab00/files/servercode/CODELESS/NEAR/PRODUCTION)
2022-02-01 16:05:35,304 | SERVER_CODE |  INFO | [12190] ServerCode Model built in 4ms
2022-02-01 16:05:35,306 | SERVER_CODE |  INFO | [12190] [581AB0B3-58D8-9652-FFDF-AF124FF57600] [INVOKE SERVICE] services.NEAR.view
2022-02-01 16:05:35,428 | SERVER_CODE |  INFO | [12190] Processing finished in 133.210ms
2022-02-01 16:05:37,345 | SERVER_CODE |  INFO | [9891] Building ServerCode Model for path (/opt/backendless/repo/2338d9e8-6a00-a259-ff96-7507df32ab00/files/servercode/CODELESS/NEAR/PRODUCTION)
2022-02-01 16:05:37,347 | SERVER_CODE |  INFO | [9891] ServerCode Model built in 6ms
2022-02-01 16:05:37,348 | SERVER_CODE |  INFO | [9891] [E459A010-DA2E-CD9B-FF70-68DA1FD94B00] [INVOKE SERVICE] services.NEAR.view
2022-02-01 16:05:37,487 | SERVER_CODE |  INFO | [9891] Processing finished in 150.415ms
2022-02-01 16:05:39,491 | SERVER_CODE |  INFO | [11550] Building ServerCode Model for path (/opt/backendless/repo/2338d9e8-6a00-a259-ff96-7507df32ab00/files/servercode/CODELESS/NEAR/PRODUCTION)
2022-02-01 16:05:39,493 | SERVER_CODE |  INFO | [11550] ServerCode Model built in 5ms
2022-02-01 16:05:39,494 | SERVER_CODE |  INFO | [11550] [CF99AA8E-199F-D81D-FF1C-908752370500] [INVOKE SERVICE] services.NEAR.view
2022-02-01 16:05:39,596 | SERVER_CODE |  INFO | [11550] Processing finished in 113.477ms
2022-02-01 16:05:41,485 | SERVER_CODE |  INFO | [9902] Building ServerCode Model for path (/opt/backendless/repo/2338d9e8-6a00-a259-ff96-7507df32ab00/files/servercode/CODELESS/NEAR/PRODUCTION)
2022-02-01 16:05:41,487 | SERVER_CODE |  INFO | [9902] ServerCode Model built in 5ms
2022-02-01 16:05:41,489 | SERVER_CODE |  INFO | [9902] [C9B3A43E-78A7-CDD8-FF1F-A278C4D27B00] [INVOKE SERVICE] services.NEAR.view
2022-02-01 16:05:41,605 | SERVER_CODE |  INFO | [9902] Processing finished in 127.369ms
2022-02-01 16:05:43,493 | SERVER_CODE |  INFO | [11561] Building ServerCode Model for path (/opt/backendless/repo/2338d9e8-6a00-a259-ff96-7507df32ab00/files/servercode/CODELESS/NEAR/PRODUCTION)
2022-02-01 16:05:43,494 | SERVER_CODE |  INFO | [11561] ServerCode Model built in 5ms
2022-02-01 16:05:43,496 | SERVER_CODE |  INFO | [11561] [E7AE0C4B-B45A-9875-FFB6-4450214F5800] [INVOKE SERVICE] services.NEAR.view
2022-02-01 16:05:43,593 | SERVER_CODE |  INFO | [11561] Processing finished in 109.198ms
2022-02-01 16:05:45,607 | SERVER_CODE |  INFO | [9913] Building ServerCode Model for path (/opt/backendless/repo/2338d9e8-6a00-a259-ff96-7507df32ab00/files/servercode/CODELESS/NEAR/PRODUCTION)
2022-02-01 16:05:45,609 | SERVER_CODE |  INFO | [9913] ServerCode Model built in 5ms
2022-02-01 16:05:45,611 | SERVER_CODE |  INFO | [9913] [B07D5903-2B1B-FF72-FF2C-AACF920B9700] [INVOKE SERVICE] services.NEAR.view
2022-02-01 16:05:45,804 | SERVER_CODE |  INFO | [9913] Processing finished in 205.603ms
2022-02-01 16:05:48,598 | SERVER_CODE |  INFO | [9924] Building ServerCode Model for path (/opt/backendless/repo/2338d9e8-6a00-a259-ff96-7507df32ab00/files/servercode/CODELESS/NEAR/PRODUCTION)
2022-02-01 16:05:48,599 | SERVER_CODE |  INFO | [9924] ServerCode Model built in 5ms
2022-02-01 16:05:48,601 | SERVER_CODE |  INFO | [9924] [BEFE5516-9A2E-3D64-FF22-14C9EDA54800] [INVOKE SERVICE] services.NEAR.view
2022-02-01 16:05:48,727 | SERVER_CODE |  INFO | [9924] Processing finished in 138.023ms
2022-02-01 16:05:55,618 | SERVER_CODE |  INFO | [11605] Building ServerCode Model for path (/opt/backendless/repo/2338d9e8-6a00-a259-ff96-7507df32ab00/files/servercode/CODELESS/NEAR/PRODUCTION)
2022-02-01 16:05:55,620 | SERVER_CODE |  INFO | [11605] ServerCode Model built in 5ms
2022-02-01 16:05:55,622 | SERVER_CODE |  INFO | [11605] [D98B911B-C719-F5F0-FF21-9E7094627A00] [INVOKE SERVICE] services.NEAR.view
2022-02-01 16:05:55,730 | SERVER_CODE |  INFO | [11605] Processing finished in 118.426ms
2022-02-01 16:05:58,044 | SERVER_CODE |  INFO | [12256] Building ServerCode Model for path (/opt/backendless/repo/2338d9e8-6a00-a259-ff96-7507df32ab00/files/servercode/CODELESS/NEAR/PRODUCTION)
2022-02-01 16:05:58,046 | SERVER_CODE |  INFO | [12256] ServerCode Model built in 5ms
2022-02-01 16:05:58,048 | SERVER_CODE |  INFO | [12256] [ED250CCF-4A9F-BF21-FF3D-1B76581CB900] [INVOKE SERVICE] services.NEAR.view
2022-02-01 16:05:58,180 | SERVER_CODE |  INFO | [12256] Processing finished in 142.952ms
2022-02-01 16:06:10,869 | SERVER_CODE |  INFO | [12278] Building ServerCode Model for path (/opt/backendless/repo/2338d9e8-6a00-a259-ff96-7507df32ab00/files/servercode/CODELESS/NEAR/PRODUCTION)
2022-02-01 16:06:10,870 | SERVER_CODE |  INFO | [12278] ServerCode Model built in 5ms
2022-02-01 16:06:10,872 | SERVER_CODE |  INFO | [12278] [1716E59D-668B-2369-FFAA-B2223A513500] [INVOKE SERVICE] services.NEAR.view
2022-02-01 16:06:11,129 | SERVER_CODE |  INFO | [12278] Processing finished in 268.763ms
2022-02-01 16:06:26,865 | SERVER_CODE |  INFO | [11660] Building ServerCode Model for path (/opt/backendless/repo/2338d9e8-6a00-a259-ff96-7507df32ab00/files/servercode/CODELESS/NEAR/PRODUCTION)
2022-02-01 16:06:26,868 | SERVER_CODE |  INFO | [11660] ServerCode Model built in 6ms
2022-02-01 16:06:26,870 | SERVER_CODE |  INFO | [11660] [E7B4D791-2C52-09B6-FF92-F4E143063E00] [INVOKE SERVICE] services.NEAR.view
2022-02-01 16:06:27,019 | SERVER_CODE |  INFO | [11660] Processing finished in 162.757ms
2022-02-01 16:06:51,651 | SERVER_CODE |  INFO | [12333] Building ServerCode Model for path (/opt/backendless/repo/2338d9e8-6a00-a259-ff96-7507df32ab00/files/servercode/CODELESS/NEAR/PRODUCTION)
2022-02-01 16:06:51,652 | SERVER_CODE |  INFO | [12333] ServerCode Model built in 5ms
2022-02-01 16:06:51,654 | SERVER_CODE |  INFO | [12333] [4FD8E848-5FBE-97E5-FF72-B13E99F38700] [INVOKE SERVICE] services.NEAR.view
2022-02-01 16:06:51,768 | SERVER_CODE |  INFO | [12333] Processing finished in 126.292ms
2022-02-01 16:07:08,013 | SERVER_CODE |  INFO | [12355] Building ServerCode Model for path (/opt/backendless/repo/2338d9e8-6a00-a259-ff96-7507df32ab00/files/servercode/CODELESS/NEAR/PRODUCTION)
2022-02-01 16:07:08,015 | SERVER_CODE |  INFO | [12355] ServerCode Model built in 5ms
2022-02-01 16:07:08,017 | SERVER_CODE |  INFO | [12355] [7CD16D9E-65D8-1984-FF45-4DC7ACC9D200] [INVOKE SERVICE] services.NEAR.view
2022-02-01 16:07:10,396 | SERVER_CODE |  INFO | [12355] Processing finished in 2390.181ms
2022-02-01 16:08:12,489 | SERVER_CODE |  INFO | [11770] Building ServerCode Model for path (/opt/backendless/repo/2338d9e8-6a00-a259-ff96-7507df32ab00/files/servercode/CODELESS/NEAR/PRODUCTION)
2022-02-01 16:08:12,491 | SERVER_CODE |  INFO | [11770] ServerCode Model built in 5ms
2022-02-01 16:08:12,494 | SERVER_CODE |  INFO | [11770] [DD5AD68A-FBFC-374C-FF38-2D82A5639600] [INVOKE SERVICE] services.NEAR.view
2022-02-01 16:08:12,777 | SERVER_CODE |  INFO | [11770] Processing finished in 297.472ms
2022-02-01 16:08:40,974 | SERVER_CODE |  INFO | [10155] Building ServerCode Model for path (/opt/backendless/repo/2338d9e8-6a00-a259-ff96-7507df32ab00/files/servercode/CODELESS/NEAR/PRODUCTION)
2022-02-01 16:08:40,975 | SERVER_CODE |  INFO | [10155] ServerCode Model built in 5ms
2022-02-01 16:08:40,978 | SERVER_CODE |  INFO | [10155] [A9739E9C-9102-D09E-FF0C-88DD57D29600] [INVOKE SERVICE] services.NEAR.view
2022-02-01 16:08:41,175 | SERVER_CODE |  INFO | [10155] Processing finished in 211.319ms
2022-02-01 16:10:50,492 | SERVER_CODE |  INFO | [12641] Building ServerCode Model for path (/opt/backendless/repo/2338d9e8-6a00-a259-ff96-7507df32ab00/files/servercode/CODELESS/NEAR/PRODUCTION)
2022-02-01 16:10:50,494 | SERVER_CODE |  INFO | [12641] ServerCode Model built in 5ms
2022-02-01 16:10:50,497 | SERVER_CODE |  INFO | [12641] [891882F9-8B8C-D4B1-FF59-0FA1916BBB00] [INVOKE SERVICE] services.NEAR.view
2022-02-01 16:10:50,700 | SERVER_CODE |  INFO | [12641] Processing finished in 217.782ms
2022-02-01 16:13:53,549 | SERVER_CODE |  INFO | [12221] Building ServerCode Model for path (/opt/backendless/repo/2338d9e8-6a00-a259-ff96-7507df32ab00/files/servercode/CODELESS/NEAR/PRODUCTION)
2022-02-01 16:13:53,552 | SERVER_CODE |  INFO | [12221] ServerCode Model built in 7ms
2022-02-01 16:13:53,555 | SERVER_CODE |  INFO | [12221] [EC13038E-F4AC-25D3-FF16-BB8276F0C700] [INVOKE SERVICE] services.NEAR.view
2022-02-01 16:13:53,823 | SERVER_CODE |  INFO | [12221] Processing finished in 285.878ms
2022-02-01 16:18:09,763 | SERVER_CODE |  INFO | [13246] Building ServerCode Model for path (/opt/backendless/repo/2338d9e8-6a00-a259-ff96-7507df32ab00/files/servercode/CODELESS/NEAR/PRODUCTION)
2022-02-01 16:18:09,765 | SERVER_CODE |  INFO | [13246] ServerCode Model built in 5ms
2022-02-01 16:18:09,768 | SERVER_CODE |  INFO | [13246] [9824F72C-E253-8F55-FF6A-33F203D37200] [INVOKE SERVICE] services.NEAR.view
2022-02-01 16:18:09,983 | SERVER_CODE |  INFO | [13246] Processing finished in 229.555ms
2022-02-01 16:18:19,593 | SERVER_CODE |  INFO | [10980] Building ServerCode Model for path (/opt/backendless/repo/2338d9e8-6a00-a259-ff96-7507df32ab00/files/servercode/CODELESS/NEAR/PRODUCTION)
2022-02-01 16:18:19,595 | SERVER_CODE |  INFO | [10980] ServerCode Model built in 5ms
2022-02-01 16:18:19,597 | SERVER_CODE |  INFO | [10980] [01EBD2B2-294D-47A0-FF1C-42528C129500] [INVOKE SERVICE] services.NEAR.view
2022-02-01 16:18:19,768 | SERVER_CODE |  INFO | [10980] Processing finished in 188.599ms
2022-02-01 16:22:39,820 | SERVER_CODE |  INFO | [11629] Building ServerCode Model for path (/opt/backendless/repo/2338d9e8-6a00-a259-ff96-7507df32ab00/files/servercode/CODELESS/NEAR/PRODUCTION)
2022-02-01 16:22:39,822 | SERVER_CODE |  INFO | [11629] ServerCode Model built in 6ms
2022-02-01 16:22:39,824 | SERVER_CODE |  INFO | [11629] [16ACC14A-F301-A2DF-FFC7-3B87E8EB6300] [INVOKE SERVICE] services.NEAR.view
2022-02-01 16:22:40,152 | SERVER_CODE |  INFO | [11629] Processing finished in 346.896ms
2022-02-01 16:24:13,510 | SERVER_CODE |  INFO | [13453] Building ServerCode Model for path (/opt/backendless/repo/2338d9e8-6a00-a259-ff96-7507df32ab00/files/servercode/CODELESS/NEAR/PRODUCTION)
2022-02-01 16:24:13,512 | SERVER_CODE |  INFO | [13453] ServerCode Model built in 5ms
2022-02-01 16:24:13,515 | SERVER_CODE |  INFO | [13453] [99CD5FAD-17D5-3E5C-FF8F-A3F8D3CA9400] [INVOKE SERVICE] services.NEAR.view
2022-02-01 16:24:13,860 | SERVER_CODE |  INFO | [13453] Processing finished in 360.667ms
2022-02-01 16:24:16,914 | SERVER_CODE |  INFO | [11838] Building ServerCode Model for path (/opt/backendless/repo/2338d9e8-6a00-a259-ff96-7507df32ab00/files/servercode/CODELESS/NEAR/PRODUCTION)
2022-02-01 16:24:16,919 | SERVER_CODE |  INFO | [11838] ServerCode Model built in 11ms
2022-02-01 16:24:16,923 | SERVER_CODE |  INFO | [11838] [6BD3FE53-44C1-682F-FFCA-2F0E0AE2E200] [INVOKE SERVICE] services.NEAR.view
2022-02-01 16:24:17,199 | SERVER_CODE |  INFO | [11838] Processing finished in 296.471ms
2022-02-01 16:24:17,217 | SERVER_CODE |  INFO | [14115] Building ServerCode Model for path (/opt/backendless/repo/2338d9e8-6a00-a259-ff96-7507df32ab00/files/servercode/CODELESS/NEAR/PRODUCTION)
2022-02-01 16:24:17,219 | SERVER_CODE |  INFO | [14115] ServerCode Model built in 5ms
2022-02-01 16:24:17,221 | SERVER_CODE |  INFO | [14115] [61F1A5F4-CA57-579D-FF03-ACA3CEE6CF00] [INVOKE SERVICE] services.NEAR.view
2022-02-01 16:24:17,341 | SERVER_CODE |  INFO | [14115] Processing finished in 133.001ms
2022-02-01 16:24:18,345 | SERVER_CODE |  INFO | [11849] Building ServerCode Model for path (/opt/backendless/repo/2338d9e8-6a00-a259-ff96-7507df32ab00/files/servercode/CODELESS/NEAR/PRODUCTION)
2022-02-01 16:24:18,347 | SERVER_CODE |  INFO | [11849] ServerCode Model built in 7ms
2022-02-01 16:24:18,349 | SERVER_CODE |  INFO | [11849] [B3213462-F6AC-2755-FF8B-4999AC7C4800] [INVOKE SERVICE] services.NEAR.view
2022-02-01 16:24:18,454 | SERVER_CODE |  INFO | [11849] Processing finished in 119.970ms
2022-02-01 16:24:20,446 | SERVER_CODE |  INFO | [14126] Building ServerCode Model for path (/opt/backendless/repo/2338d9e8-6a00-a259-ff96-7507df32ab00/files/servercode/CODELESS/NEAR/PRODUCTION)
2022-02-01 16:24:20,448 | SERVER_CODE |  INFO | [14126] ServerCode Model built in 5ms
2022-02-01 16:24:20,450 | SERVER_CODE |  INFO | [14126] [6C8E3F1F-0633-92ED-FFA2-A7FC71A80700] [INVOKE SERVICE] services.NEAR.view
2022-02-01 16:24:20,569 | SERVER_CODE |  INFO | [14126] Processing finished in 131.495ms
2022-02-01 16:24:24,435 | SERVER_CODE |  INFO | [14137] Building ServerCode Model for path (/opt/backendless/repo/2338d9e8-6a00-a259-ff96-7507df32ab00/files/servercode/CODELESS/NEAR/PRODUCTION)
2022-02-01 16:24:24,436 | SERVER_CODE |  INFO | [14137] ServerCode Model built in 4ms
2022-02-01 16:24:24,438 | SERVER_CODE |  INFO | [14137] [17FD45A7-898B-C272-FFA6-BB45E4A55600] [INVOKE SERVICE] services.NEAR.view
2022-02-01 16:24:24,590 | SERVER_CODE |  INFO | [14137] Processing finished in 162.847ms
2022-02-01 16:24:33,630 | SERVER_CODE |  INFO | [14159] Building ServerCode Model for path (/opt/backendless/repo/2338d9e8-6a00-a259-ff96-7507df32ab00/files/servercode/CODELESS/NEAR/PRODUCTION)
2022-02-01 16:24:33,631 | SERVER_CODE |  INFO | [14159] ServerCode Model built in 5ms
2022-02-01 16:24:33,633 | SERVER_CODE |  INFO | [14159] [DC84ABD6-61B8-8EAD-FF38-E4CF43257B00] [INVOKE SERVICE] services.NEAR.view
2022-02-01 16:24:33,752 | SERVER_CODE |  INFO | [14159] Processing finished in 131.474ms
2022-02-01 16:24:46,153 | SERVER_CODE |  INFO | [11911] Building ServerCode Model for path (/opt/backendless/repo/2338d9e8-6a00-a259-ff96-7507df32ab00/files/servercode/CODELESS/NEAR/PRODUCTION)
2022-02-01 16:24:46,155 | SERVER_CODE |  INFO | [11911] ServerCode Model built in 5ms
2022-02-01 16:24:46,157 | SERVER_CODE |  INFO | [11911] [B7F247FF-6EC2-028E-FFC3-0156D7086600] [INVOKE SERVICE] services.NEAR.view
2022-02-01 16:24:46,291 | SERVER_CODE |  INFO | [11911] Processing finished in 146.365ms
2022-02-01 16:24:56,578 | SERVER_CODE |  INFO | [14203] Building ServerCode Model for path (/opt/backendless/repo/2338d9e8-6a00-a259-ff96-7507df32ab00/files/servercode/CODELESS/NEAR/PRODUCTION)
2022-02-01 16:24:56,580 | SERVER_CODE |  INFO | [14203] ServerCode Model built in 5ms
2022-02-01 16:24:56,581 | SERVER_CODE |  INFO | [14203] [F1973F45-AD5E-74C7-FF2F-88F3AF61A200] [INVOKE SERVICE] services.NEAR.view
2022-02-01 16:24:56,773 | SERVER_CODE |  INFO | [14203] Processing finished in 201.683ms
2022-02-01 16:25:28,610 | SERVER_CODE |  INFO | [14236] Building ServerCode Model for path (/opt/backendless/repo/2338d9e8-6a00-a259-ff96-7507df32ab00/files/servercode/CODELESS/NEAR/PRODUCTION)
2022-02-01 16:25:28,612 | SERVER_CODE |  INFO | [14236] ServerCode Model built in 5ms
2022-02-01 16:25:28,614 | SERVER_CODE |  INFO | [14236] [5CDF488F-A5DD-8FA0-FFB3-9C822B407800] [INVOKE SERVICE] services.NEAR.view
2022-02-01 16:25:28,829 | SERVER_CODE |  INFO | [14236] Processing finished in 228.372ms
2022-02-01 16:26:17,315 | SERVER_CODE |  INFO | [14313] Building ServerCode Model for path (/opt/backendless/repo/2338d9e8-6a00-a259-ff96-7507df32ab00/files/servercode/CODELESS/NEAR/PRODUCTION)
2022-02-01 16:26:17,317 | SERVER_CODE |  INFO | [14313] ServerCode Model built in 5ms
2022-02-01 16:26:17,319 | SERVER_CODE |  INFO | [14313] [03E4FAA9-C6B4-9367-FFB8-E1C86B7BED00] [INVOKE SERVICE] services.NEAR.view
2022-02-01 16:26:21,445 | SERVER_CODE |  INFO | [14313] Processing finished in 4138.848ms
2022-02-01 16:27:25,678 | SERVER_CODE |  INFO | [14390] Building ServerCode Model for path (/opt/backendless/repo/2338d9e8-6a00-a259-ff96-7507df32ab00/files/servercode/CODELESS/NEAR/PRODUCTION)
2022-02-01 16:27:25,679 | SERVER_CODE |  INFO | [14390] ServerCode Model built in 5ms
2022-02-01 16:27:25,682 | SERVER_CODE |  INFO | [14390] [54238331-C1DF-95C7-FF15-050204E08E00] [INVOKE SERVICE] services.NEAR.view
2022-02-01 16:27:26,499 | SERVER_CODE |  INFO | [14390] Processing finished in 830.722ms
2022-02-01 16:27:50,009 | SERVER_CODE |  INFO | [14401] Building ServerCode Model for path (/opt/backendless/repo/2338d9e8-6a00-a259-ff96-7507df32ab00/files/servercode/CODELESS/NEAR/PRODUCTION)
2022-02-01 16:27:50,011 | SERVER_CODE |  INFO | [14401] ServerCode Model built in 6ms
2022-02-01 16:27:50,013 | SERVER_CODE |  INFO | [14401] [17A2BE91-9F03-EB32-FF2A-008533977700] [INVOKE SERVICE] services.NEAR.view
2022-02-01 16:27:50,351 | SERVER_CODE |  INFO | [14401] Processing finished in 352.127ms
2022-02-01 16:29:58,774 | SERVER_CODE |  INFO | [14300] Building ServerCode Model for path (/opt/backendless/repo/2338d9e8-6a00-a259-ff96-7507df32ab00/files/servercode/CODELESS/NEAR/PRODUCTION)
2022-02-01 16:29:58,775 | SERVER_CODE |  INFO | [14300] ServerCode Model built in 5ms
2022-02-01 16:29:58,778 | SERVER_CODE |  INFO | [14300] [BD2093A0-793C-AB2A-FF4E-FDCEE40D7900] [INVOKE SERVICE] services.NEAR.view
2022-02-01 16:30:00,993 | SERVER_CODE |  INFO | [14300] Processing finished in 2227.827ms
2022-02-01 16:35:45,361 | SERVER_CODE |  INFO | [15391] Building ServerCode Model for path (/opt/backendless/repo/2338d9e8-6a00-a259-ff96-7507df32ab00/files/servercode/CODELESS/NEAR/PRODUCTION)
2022-02-01 16:35:45,363 | SERVER_CODE |  INFO | [15391] ServerCode Model built in 5ms
2022-02-01 16:35:45,366 | SERVER_CODE |  INFO | [15391] [F03BF1F8-95EE-05EA-FFE6-7B345A18E200] [INVOKE SERVICE] services.NEAR.view
2022-02-01 16:35:45,808 | SERVER_CODE |  INFO | [15391] Processing finished in 456.790ms
2022-02-01 16:36:23,177 | SERVER_CODE |  INFO | [13169] Building ServerCode Model for path (/opt/backendless/repo/2338d9e8-6a00-a259-ff96-7507df32ab00/files/servercode/CODELESS/NEAR/PRODUCTION)
2022-02-01 16:36:23,178 | SERVER_CODE |  INFO | [13169] ServerCode Model built in 5ms
2022-02-01 16:36:23,181 | SERVER_CODE |  INFO | [13169] [C6EED4BB-72C3-6457-FFF7-976ED7BD5F00] [INVOKE SERVICE] services.NEAR.view
2022-02-01 16:36:23,375 | SERVER_CODE |  INFO | [13169] Processing finished in 208.410ms
2022-02-01 16:41:03,190 | SERVER_CODE |  INFO | [14049] Building ServerCode Model for path (/opt/backendless/repo/2338d9e8-6a00-a259-ff96-7507df32ab00/files/servercode/CODELESS/NEAR/PRODUCTION)
2022-02-01 16:41:03,192 | SERVER_CODE |  INFO | [14049] ServerCode Model built in 5ms
2022-02-01 16:41:03,195 | SERVER_CODE |  INFO | [14049] [C74E1B0F-F57C-394D-FF84-2A37F6A13D00] [INVOKE SERVICE] services.NEAR.view
2022-02-01 16:41:13,199 | SERVER_CODE | ERROR | [14049] Task execution is aborted due to timeout
2022-02-01 16:41:13,200 | SERVER_CODE |  INFO | [14049] Processing finished in 10024.398ms
2022-02-01 16:45:43,170 | SERVER_CODE |  INFO | [14632] Building ServerCode Model for path (/opt/backendless/repo/2338d9e8-6a00-a259-ff96-7507df32ab00/files/servercode/CODELESS/NEAR/PRODUCTION)
2022-02-01 16:45:43,172 | SERVER_CODE |  INFO | [14632] ServerCode Model built in 5ms
2022-02-01 16:45:43,175 | SERVER_CODE |  INFO | [14632] [204C174D-01F8-0022-FF8D-9405C721CA00] [INVOKE SERVICE] services.NEAR.view
2022-02-01 16:45:43,979 | SERVER_CODE |  INFO | [14632] Processing finished in 817.845ms
