{"requestId":"02261939-D53F-7FE8-FF80-8ED9B1A4D900","message":"Check if another code deploy in process","date":1643645480559,"level":"INFO"}
{"requestId":"02261939-D53F-7FE8-FF80-8ED9B1A4D900","message":"Stop timers for model 'NEAR' for PRODUCTION mode","date":1643645480560,"level":"INFO"}
{"requestId":"02261939-D53F-7FE8-FF80-8ED9B1A4D900","message":"Check if another deploy process in progress","date":1643645480563,"level":"INFO"}
{"requestId":"02261939-D53F-7FE8-FF80-8ED9B1A4D900","message":"Got lock for deploy process","date":1643645480564,"level":"INFO"}
{"requestId":"02261939-D53F-7FE8-FF80-8ED9B1A4D900","message":"Inspecting code on coderunner...","date":1643645480564,"level":"INFO"}
{"requestId":"02261939-D53F-7FE8-FF80-8ED9B1A4D900","message":"Code inspected in 138 ms.","date":1643645480702,"level":"INFO"}
{"requestId":"02261939-D53F-7FE8-FF80-8ED9B1A4D900","message":"Check limits","date":1643645480702,"level":"INFO"}
{"requestId":"02261939-D53F-7FE8-FF80-8ED9B1A4D900","message":"Remove PRODUCTION deployment model 'NEAR'","date":1643645480715,"level":"INFO"}
{"requestId":"02261939-D53F-7FE8-FF80-8ED9B1A4D900","message":"Removed PRODUCTION deployment model 'NEAR'","date":1643645480720,"level":"INFO"}
{"requestId":"02261939-D53F-7FE8-FF80-8ED9B1A4D900","message":"Parsing model from coderunner, creating event, timers and services in DB","date":1643645480720,"level":"INFO"}
{"requestId":"02261939-D53F-7FE8-FF80-8ED9B1A4D900","message":"Parsed model in 46 ms","date":1643645480766,"level":"INFO"}
{"requestId":"02261939-D53F-7FE8-FF80-8ED9B1A4D900","message":"Remove all old services from DB","date":1643645480768,"level":"INFO"}
{"requestId":"02261939-D53F-7FE8-FF80-8ED9B1A4D900","message":"Production path to tmp folder /opt/backendless/repo/2338d9e8-6a00-a259-ff96-7507df32ab00/files/servercode/CODELESS/NEAR/PRODUCTION.old.-1326993598","date":1643645480770,"level":"INFO"}
{"requestId":"02261939-D53F-7FE8-FF80-8ED9B1A4D900","message":"Coping code to production folder","date":1643645480770,"level":"INFO"}
{"requestId":"02261939-D53F-7FE8-FF80-8ED9B1A4D900","message":"Copied code to production folder","date":1643645480782,"level":"INFO"}
{"requestId":"02261939-D53F-7FE8-FF80-8ED9B1A4D900","message":"Starting file cleanup operations","date":1643645480782,"level":"INFO"}
{"requestId":"02261939-D53F-7FE8-FF80-8ED9B1A4D900","message":"Waiting for cleanup old logic","date":1643645480782,"level":"INFO"}
{"requestId":"02261939-D53F-7FE8-FF80-8ED9B1A4D900","message":"Deleting old production folder","date":1643645480782,"level":"INFO"}
{"requestId":"02261939-D53F-7FE8-FF80-8ED9B1A4D900","message":"Lock released","date":1643645480892,"level":"INFO"}
{"requestId":"02261939-D53F-7FE8-FF80-8ED9B1A4D900","message":"Removed cache","date":1643645480893,"level":"INFO"}
{"requestId":"02261939-D53F-7FE8-FF80-8ED9B1A4D900","message":"Star timer for PRODUCTION","date":1643645480893,"level":"INFO"}
{"requestId":"02261939-D53F-7FE8-FF80-8ED9B1A4D900","message":"Deploy finished.","date":1643645480896,"level":"INFO"}
