{"requestId":"0988B472-36AB-27FB-FF99-383135548200","message":"Check if another code deploy in process","date":1643616971877,"level":"INFO"}
{"requestId":"0988B472-36AB-27FB-FF99-383135548200","message":"Stop timers for model 'NEAR' for PRODUCTION mode","date":1643616971877,"level":"INFO"}
{"requestId":"0988B472-36AB-27FB-FF99-383135548200","message":"Check if another deploy process in progress","date":1643616971880,"level":"INFO"}
{"requestId":"0988B472-36AB-27FB-FF99-383135548200","message":"Got lock for deploy process","date":1643616971881,"level":"INFO"}
{"requestId":"0988B472-36AB-27FB-FF99-383135548200","message":"Inspecting code on coderunner...","date":1643616971881,"level":"INFO"}
{"requestId":"0988B472-36AB-27FB-FF99-383135548200","message":"Code inspected in 138 ms.","date":1643616972019,"level":"INFO"}
{"requestId":"0988B472-36AB-27FB-FF99-383135548200","message":"Check limits","date":1643616972019,"level":"INFO"}
{"requestId":"0988B472-36AB-27FB-FF99-383135548200","message":"Remove PRODUCTION deployment model 'NEAR'","date":1643616972029,"level":"INFO"}
{"requestId":"0988B472-36AB-27FB-FF99-383135548200","message":"Removed PRODUCTION deployment model 'NEAR'","date":1643616972034,"level":"INFO"}
{"requestId":"0988B472-36AB-27FB-FF99-383135548200","message":"Parsing model from coderunner, creating event, timers and services in DB","date":1643616972034,"level":"INFO"}
{"requestId":"0988B472-36AB-27FB-FF99-383135548200","message":"Parsed model in 49 ms","date":1643616972083,"level":"INFO"}
{"requestId":"0988B472-36AB-27FB-FF99-383135548200","message":"Remove all old services from DB","date":1643616972085,"level":"INFO"}
{"requestId":"0988B472-36AB-27FB-FF99-383135548200","message":"Production path to tmp folder /opt/backendless/repo/2338d9e8-6a00-a259-ff96-7507df32ab00/files/servercode/CODELESS/NEAR/PRODUCTION.old.-1355502281","date":1643616972087,"level":"INFO"}
{"requestId":"0988B472-36AB-27FB-FF99-383135548200","message":"Coping code to production folder","date":1643616972087,"level":"INFO"}
{"requestId":"0988B472-36AB-27FB-FF99-383135548200","message":"Copied code to production folder","date":1643616972100,"level":"INFO"}
{"requestId":"0988B472-36AB-27FB-FF99-383135548200","message":"Starting file cleanup operations","date":1643616972100,"level":"INFO"}
{"requestId":"0988B472-36AB-27FB-FF99-383135548200","message":"Waiting for cleanup old logic","date":1643616972100,"level":"INFO"}
{"requestId":"0988B472-36AB-27FB-FF99-383135548200","message":"Deleting old production folder","date":1643616972100,"level":"INFO"}
{"requestId":"0988B472-36AB-27FB-FF99-383135548200","message":"Lock released","date":1643616972105,"level":"INFO"}
{"requestId":"0988B472-36AB-27FB-FF99-383135548200","message":"Removed cache","date":1643616972107,"level":"INFO"}
{"requestId":"0988B472-36AB-27FB-FF99-383135548200","message":"Star timer for PRODUCTION","date":1643616972107,"level":"INFO"}
{"requestId":"0988B472-36AB-27FB-FF99-383135548200","message":"Deploy finished.","date":1643616972109,"level":"INFO"}
