{"requestId":"27AD61E8-AD9C-7388-FF18-539F3918E500","message":"Check if another code deploy in process","date":1643992230889,"level":"INFO"}
{"requestId":"27AD61E8-AD9C-7388-FF18-539F3918E500","message":"Stop timers for model 'NEAR' for PRODUCTION mode","date":1643992230889,"level":"INFO"}
{"requestId":"27AD61E8-AD9C-7388-FF18-539F3918E500","message":"Check if another deploy process in progress","date":1643992230892,"level":"INFO"}
{"requestId":"27AD61E8-AD9C-7388-FF18-539F3918E500","message":"Got lock for deploy process","date":1643992230893,"level":"INFO"}
{"requestId":"27AD61E8-AD9C-7388-FF18-539F3918E500","message":"Inspecting code on coderunner...","date":1643992230893,"level":"INFO"}
{"requestId":"27AD61E8-AD9C-7388-FF18-539F3918E500","message":"Code inspected in 167 ms.","date":1643992231060,"level":"INFO"}
{"requestId":"27AD61E8-AD9C-7388-FF18-539F3918E500","message":"Check limits","date":1643992231060,"level":"INFO"}
{"requestId":"27AD61E8-AD9C-7388-FF18-539F3918E500","message":"Remove PRODUCTION deployment model 'NEAR'","date":1643992231072,"level":"INFO"}
{"requestId":"27AD61E8-AD9C-7388-FF18-539F3918E500","message":"Removed PRODUCTION deployment model 'NEAR'","date":1643992231077,"level":"INFO"}
{"requestId":"27AD61E8-AD9C-7388-FF18-539F3918E500","message":"Parsing model from coderunner, creating event, timers and services in DB","date":1643992231077,"level":"INFO"}
{"requestId":"27AD61E8-AD9C-7388-FF18-539F3918E500","message":"Parsed model in 83 ms","date":1643992231160,"level":"INFO"}
{"requestId":"27AD61E8-AD9C-7388-FF18-539F3918E500","message":"Remove all old services from DB","date":1643992231162,"level":"INFO"}
{"requestId":"27AD61E8-AD9C-7388-FF18-539F3918E500","message":"Production path to tmp folder /opt/backendless/repo/2338d9e8-6a00-a259-ff96-7507df32ab00/files/servercode/CODELESS/NEAR/PRODUCTION.old.-980243205","date":1643992231163,"level":"INFO"}
{"requestId":"27AD61E8-AD9C-7388-FF18-539F3918E500","message":"Coping code to production folder","date":1643992231164,"level":"INFO"}
{"requestId":"27AD61E8-AD9C-7388-FF18-539F3918E500","message":"Copied code to production folder","date":1643992231181,"level":"INFO"}
{"requestId":"27AD61E8-AD9C-7388-FF18-539F3918E500","message":"Starting file cleanup operations","date":1643992231181,"level":"INFO"}
{"requestId":"27AD61E8-AD9C-7388-FF18-539F3918E500","message":"Waiting for cleanup old logic","date":1643992231181,"level":"INFO"}
{"requestId":"27AD61E8-AD9C-7388-FF18-539F3918E500","message":"Deleting old production folder","date":1643992231181,"level":"INFO"}
{"requestId":"27AD61E8-AD9C-7388-FF18-539F3918E500","message":"Lock released","date":1643992231288,"level":"INFO"}
{"requestId":"27AD61E8-AD9C-7388-FF18-539F3918E500","message":"Removed cache","date":1643992231289,"level":"INFO"}
{"requestId":"27AD61E8-AD9C-7388-FF18-539F3918E500","message":"Star timer for PRODUCTION","date":1643992231289,"level":"INFO"}
{"requestId":"27AD61E8-AD9C-7388-FF18-539F3918E500","message":"Deploy finished.","date":1643992231292,"level":"INFO"}
