{"requestId":"476A4EE0-21D7-2EBA-FFF7-9BDD3132C800","message":"Check if another code deploy in process","date":1643464122673,"level":"INFO"}
{"requestId":"476A4EE0-21D7-2EBA-FFF7-9BDD3132C800","message":"Stop timers for model 'NEAR' for PRODUCTION mode","date":1643464122674,"level":"INFO"}
{"requestId":"476A4EE0-21D7-2EBA-FFF7-9BDD3132C800","message":"Check if another deploy process in progress","date":1643464122676,"level":"INFO"}
{"requestId":"476A4EE0-21D7-2EBA-FFF7-9BDD3132C800","message":"Got lock for deploy process","date":1643464122677,"level":"INFO"}
{"requestId":"476A4EE0-21D7-2EBA-FFF7-9BDD3132C800","message":"Inspecting code on coderunner...","date":1643464122677,"level":"INFO"}
{"requestId":"476A4EE0-21D7-2EBA-FFF7-9BDD3132C800","message":"Code inspected in 128 ms.","date":1643464122805,"level":"INFO"}
{"requestId":"476A4EE0-21D7-2EBA-FFF7-9BDD3132C800","message":"Check limits","date":1643464122806,"level":"INFO"}
{"requestId":"476A4EE0-21D7-2EBA-FFF7-9BDD3132C800","message":"Remove PRODUCTION deployment model 'NEAR'","date":1643464122819,"level":"INFO"}
{"requestId":"476A4EE0-21D7-2EBA-FFF7-9BDD3132C800","message":"Removed PRODUCTION deployment model 'NEAR'","date":1643464122830,"level":"INFO"}
{"requestId":"476A4EE0-21D7-2EBA-FFF7-9BDD3132C800","message":"Parsing model from coderunner, creating event, timers and services in DB","date":1643464122831,"level":"INFO"}
{"requestId":"476A4EE0-21D7-2EBA-FFF7-9BDD3132C800","message":"Parsed model in 35 ms","date":1643464122866,"level":"INFO"}
{"requestId":"476A4EE0-21D7-2EBA-FFF7-9BDD3132C800","message":"Remove all old services from DB","date":1643464122869,"level":"INFO"}
{"requestId":"476A4EE0-21D7-2EBA-FFF7-9BDD3132C800","message":"Production path to tmp folder /opt/backendless/repo/2338d9e8-6a00-a259-ff96-7507df32ab00/files/servercode/CODELESS/NEAR/PRODUCTION.old.-1508351497","date":1643464122871,"level":"INFO"}
{"requestId":"476A4EE0-21D7-2EBA-FFF7-9BDD3132C800","message":"Coping code to production folder","date":1643464122871,"level":"INFO"}
{"requestId":"476A4EE0-21D7-2EBA-FFF7-9BDD3132C800","message":"Copied code to production folder","date":1643464122882,"level":"INFO"}
{"requestId":"476A4EE0-21D7-2EBA-FFF7-9BDD3132C800","message":"Starting file cleanup operations","date":1643464122882,"level":"INFO"}
{"requestId":"476A4EE0-21D7-2EBA-FFF7-9BDD3132C800","message":"Waiting for cleanup old logic","date":1643464122882,"level":"INFO"}
{"requestId":"476A4EE0-21D7-2EBA-FFF7-9BDD3132C800","message":"Deleting old production folder","date":1643464122882,"level":"INFO"}
{"requestId":"476A4EE0-21D7-2EBA-FFF7-9BDD3132C800","message":"Lock released","date":1643464122887,"level":"INFO"}
{"requestId":"476A4EE0-21D7-2EBA-FFF7-9BDD3132C800","message":"Removed cache","date":1643464122887,"level":"INFO"}
{"requestId":"476A4EE0-21D7-2EBA-FFF7-9BDD3132C800","message":"Star timer for PRODUCTION","date":1643464122888,"level":"INFO"}
{"requestId":"476A4EE0-21D7-2EBA-FFF7-9BDD3132C800","message":"Deploy finished.","date":1643464122890,"level":"INFO"}
