{"requestId":"5976E0AE-5D00-8A86-FF85-BC90583B5B00","message":"Check if another code deploy in process","date":1643464359638,"level":"INFO"}
{"requestId":"5976E0AE-5D00-8A86-FF85-BC90583B5B00","message":"Stop timers for model 'NEAR' for PRODUCTION mode","date":1643464359639,"level":"INFO"}
{"requestId":"5976E0AE-5D00-8A86-FF85-BC90583B5B00","message":"Check if another deploy process in progress","date":1643464359641,"level":"INFO"}
{"requestId":"5976E0AE-5D00-8A86-FF85-BC90583B5B00","message":"Got lock for deploy process","date":1643464359642,"level":"INFO"}
{"requestId":"5976E0AE-5D00-8A86-FF85-BC90583B5B00","message":"Inspecting code on coderunner...","date":1643464359642,"level":"INFO"}
{"requestId":"5976E0AE-5D00-8A86-FF85-BC90583B5B00","message":"Code inspected in 128 ms.","date":1643464359770,"level":"INFO"}
{"requestId":"5976E0AE-5D00-8A86-FF85-BC90583B5B00","message":"Check limits","date":1643464359770,"level":"INFO"}
{"requestId":"5976E0AE-5D00-8A86-FF85-BC90583B5B00","message":"Remove PRODUCTION deployment model 'NEAR'","date":1643464359780,"level":"INFO"}
{"requestId":"5976E0AE-5D00-8A86-FF85-BC90583B5B00","message":"Removed PRODUCTION deployment model 'NEAR'","date":1643464359784,"level":"INFO"}
{"requestId":"5976E0AE-5D00-8A86-FF85-BC90583B5B00","message":"Parsing model from coderunner, creating event, timers and services in DB","date":1643464359784,"level":"INFO"}
{"requestId":"5976E0AE-5D00-8A86-FF85-BC90583B5B00","message":"Parsed model in 35 ms","date":1643464359819,"level":"INFO"}
{"requestId":"5976E0AE-5D00-8A86-FF85-BC90583B5B00","message":"Remove all old services from DB","date":1643464359821,"level":"INFO"}
{"requestId":"5976E0AE-5D00-8A86-FF85-BC90583B5B00","message":"Production path to tmp folder /opt/backendless/repo/2338d9e8-6a00-a259-ff96-7507df32ab00/files/servercode/CODELESS/NEAR/PRODUCTION.old.-1508114546","date":1643464359823,"level":"INFO"}
{"requestId":"5976E0AE-5D00-8A86-FF85-BC90583B5B00","message":"Coping code to production folder","date":1643464359823,"level":"INFO"}
{"requestId":"5976E0AE-5D00-8A86-FF85-BC90583B5B00","message":"Copied code to production folder","date":1643464359835,"level":"INFO"}
{"requestId":"5976E0AE-5D00-8A86-FF85-BC90583B5B00","message":"Starting file cleanup operations","date":1643464359835,"level":"INFO"}
{"requestId":"5976E0AE-5D00-8A86-FF85-BC90583B5B00","message":"Waiting for cleanup old logic","date":1643464359835,"level":"INFO"}
{"requestId":"5976E0AE-5D00-8A86-FF85-BC90583B5B00","message":"Deleting old production folder","date":1643464359835,"level":"INFO"}
{"requestId":"5976E0AE-5D00-8A86-FF85-BC90583B5B00","message":"Lock released","date":1643464359840,"level":"INFO"}
{"requestId":"5976E0AE-5D00-8A86-FF85-BC90583B5B00","message":"Removed cache","date":1643464359841,"level":"INFO"}
{"requestId":"5976E0AE-5D00-8A86-FF85-BC90583B5B00","message":"Star timer for PRODUCTION","date":1643464359842,"level":"INFO"}
{"requestId":"5976E0AE-5D00-8A86-FF85-BC90583B5B00","message":"Deploy finished.","date":1643464359844,"level":"INFO"}
