{"requestId":"91744212-4502-C39A-FF7B-EA8113643C00","message":"Check if another code deploy in process","date":1643617033311,"level":"INFO"}
{"requestId":"91744212-4502-C39A-FF7B-EA8113643C00","message":"Stop timers for model 'NEAR' for PRODUCTION mode","date":1643617033311,"level":"INFO"}
{"requestId":"91744212-4502-C39A-FF7B-EA8113643C00","message":"Check if another deploy process in progress","date":1643617033313,"level":"INFO"}
{"requestId":"91744212-4502-C39A-FF7B-EA8113643C00","message":"Got lock for deploy process","date":1643617033314,"level":"INFO"}
{"requestId":"91744212-4502-C39A-FF7B-EA8113643C00","message":"Inspecting code on coderunner...","date":1643617033314,"level":"INFO"}
{"requestId":"91744212-4502-C39A-FF7B-EA8113643C00","message":"Code inspected in 130 ms.","date":1643617033444,"level":"INFO"}
{"requestId":"91744212-4502-C39A-FF7B-EA8113643C00","message":"Check limits","date":1643617033444,"level":"INFO"}
{"requestId":"91744212-4502-C39A-FF7B-EA8113643C00","message":"Remove PRODUCTION deployment model 'NEAR'","date":1643617033453,"level":"INFO"}
{"requestId":"91744212-4502-C39A-FF7B-EA8113643C00","message":"Removed PRODUCTION deployment model 'NEAR'","date":1643617033458,"level":"INFO"}
{"requestId":"91744212-4502-C39A-FF7B-EA8113643C00","message":"Parsing model from coderunner, creating event, timers and services in DB","date":1643617033458,"level":"INFO"}
{"requestId":"91744212-4502-C39A-FF7B-EA8113643C00","message":"Parsed model in 40 ms","date":1643617033498,"level":"INFO"}
{"requestId":"91744212-4502-C39A-FF7B-EA8113643C00","message":"Remove all old services from DB","date":1643617033500,"level":"INFO"}
{"requestId":"91744212-4502-C39A-FF7B-EA8113643C00","message":"Production path to tmp folder /opt/backendless/repo/2338d9e8-6a00-a259-ff96-7507df32ab00/files/servercode/CODELESS/NEAR/PRODUCTION.old.-1355440867","date":1643617033502,"level":"INFO"}
{"requestId":"91744212-4502-C39A-FF7B-EA8113643C00","message":"Coping code to production folder","date":1643617033502,"level":"INFO"}
{"requestId":"91744212-4502-C39A-FF7B-EA8113643C00","message":"Copied code to production folder","date":1643617033514,"level":"INFO"}
{"requestId":"91744212-4502-C39A-FF7B-EA8113643C00","message":"Starting file cleanup operations","date":1643617033514,"level":"INFO"}
{"requestId":"91744212-4502-C39A-FF7B-EA8113643C00","message":"Waiting for cleanup old logic","date":1643617033514,"level":"INFO"}
{"requestId":"91744212-4502-C39A-FF7B-EA8113643C00","message":"Deleting old production folder","date":1643617033514,"level":"INFO"}
{"requestId":"91744212-4502-C39A-FF7B-EA8113643C00","message":"Lock released","date":1643617033519,"level":"INFO"}
{"requestId":"91744212-4502-C39A-FF7B-EA8113643C00","message":"Removed cache","date":1643617033521,"level":"INFO"}
{"requestId":"91744212-4502-C39A-FF7B-EA8113643C00","message":"Star timer for PRODUCTION","date":1643617033522,"level":"INFO"}
{"requestId":"91744212-4502-C39A-FF7B-EA8113643C00","message":"Deploy finished.","date":1643617033523,"level":"INFO"}
