{"requestId":"9778F593-D6D4-126E-FF5F-E701196E0800","message":"Check if another code deploy in process","date":1643621102806,"level":"INFO"}
{"requestId":"9778F593-D6D4-126E-FF5F-E701196E0800","message":"Stop timers for model 'NEAR' for PRODUCTION mode","date":1643621102807,"level":"INFO"}
{"requestId":"9778F593-D6D4-126E-FF5F-E701196E0800","message":"Check if another deploy process in progress","date":1643621102810,"level":"INFO"}
{"requestId":"9778F593-D6D4-126E-FF5F-E701196E0800","message":"Got lock for deploy process","date":1643621102811,"level":"INFO"}
{"requestId":"9778F593-D6D4-126E-FF5F-E701196E0800","message":"Inspecting code on coderunner...","date":1643621102811,"level":"INFO"}
{"requestId":"9778F593-D6D4-126E-FF5F-E701196E0800","message":"Code inspected in 142 ms.","date":1643621102953,"level":"INFO"}
{"requestId":"9778F593-D6D4-126E-FF5F-E701196E0800","message":"Check limits","date":1643621102953,"level":"INFO"}
{"requestId":"9778F593-D6D4-126E-FF5F-E701196E0800","message":"Remove PRODUCTION deployment model 'NEAR'","date":1643621102964,"level":"INFO"}
{"requestId":"9778F593-D6D4-126E-FF5F-E701196E0800","message":"Removed PRODUCTION deployment model 'NEAR'","date":1643621102970,"level":"INFO"}
{"requestId":"9778F593-D6D4-126E-FF5F-E701196E0800","message":"Parsing model from coderunner, creating event, timers and services in DB","date":1643621102970,"level":"INFO"}
{"requestId":"9778F593-D6D4-126E-FF5F-E701196E0800","message":"Parsed model in 62 ms","date":1643621103032,"level":"INFO"}
{"requestId":"9778F593-D6D4-126E-FF5F-E701196E0800","message":"Remove all old services from DB","date":1643621103034,"level":"INFO"}
{"requestId":"9778F593-D6D4-126E-FF5F-E701196E0800","message":"Production path to tmp folder /opt/backendless/repo/2338d9e8-6a00-a259-ff96-7507df32ab00/files/servercode/CODELESS/NEAR/PRODUCTION.old.-1351371332","date":1643621103036,"level":"INFO"}
{"requestId":"9778F593-D6D4-126E-FF5F-E701196E0800","message":"Coping code to production folder","date":1643621103036,"level":"INFO"}
{"requestId":"9778F593-D6D4-126E-FF5F-E701196E0800","message":"Copied code to production folder","date":1643621103048,"level":"INFO"}
{"requestId":"9778F593-D6D4-126E-FF5F-E701196E0800","message":"Starting file cleanup operations","date":1643621103048,"level":"INFO"}
{"requestId":"9778F593-D6D4-126E-FF5F-E701196E0800","message":"Waiting for cleanup old logic","date":1643621103048,"level":"INFO"}
{"requestId":"9778F593-D6D4-126E-FF5F-E701196E0800","message":"Deleting old production folder","date":1643621103048,"level":"INFO"}
{"requestId":"9778F593-D6D4-126E-FF5F-E701196E0800","message":"Lock released","date":1643621103155,"level":"INFO"}
{"requestId":"9778F593-D6D4-126E-FF5F-E701196E0800","message":"Removed cache","date":1643621103156,"level":"INFO"}
{"requestId":"9778F593-D6D4-126E-FF5F-E701196E0800","message":"Star timer for PRODUCTION","date":1643621103157,"level":"INFO"}
{"requestId":"9778F593-D6D4-126E-FF5F-E701196E0800","message":"Deploy finished.","date":1643621103159,"level":"INFO"}
