{"requestId":"AE0B68F1-AC54-CFA2-FF89-6B7716631E00","message":"Check if another code deploy in process","date":1643981271541,"level":"INFO"}
{"requestId":"AE0B68F1-AC54-CFA2-FF89-6B7716631E00","message":"Stop timers for model 'NEAR' for PRODUCTION mode","date":1643981271541,"level":"INFO"}
{"requestId":"AE0B68F1-AC54-CFA2-FF89-6B7716631E00","message":"Check if another deploy process in progress","date":1643981271545,"level":"INFO"}
{"requestId":"AE0B68F1-AC54-CFA2-FF89-6B7716631E00","message":"Got lock for deploy process","date":1643981271546,"level":"INFO"}
{"requestId":"AE0B68F1-AC54-CFA2-FF89-6B7716631E00","message":"Inspecting code on coderunner...","date":1643981271546,"level":"INFO"}
{"requestId":"AE0B68F1-AC54-CFA2-FF89-6B7716631E00","message":"Code inspected in 157 ms.","date":1643981271703,"level":"INFO"}
{"requestId":"AE0B68F1-AC54-CFA2-FF89-6B7716631E00","message":"Check limits","date":1643981271703,"level":"INFO"}
{"requestId":"AE0B68F1-AC54-CFA2-FF89-6B7716631E00","message":"Remove PRODUCTION deployment model 'NEAR'","date":1643981271724,"level":"INFO"}
{"requestId":"AE0B68F1-AC54-CFA2-FF89-6B7716631E00","message":"Removed PRODUCTION deployment model 'NEAR'","date":1643981271732,"level":"INFO"}
{"requestId":"AE0B68F1-AC54-CFA2-FF89-6B7716631E00","message":"Parsing model from coderunner, creating event, timers and services in DB","date":1643981271732,"level":"INFO"}
{"requestId":"AE0B68F1-AC54-CFA2-FF89-6B7716631E00","message":"Parsed model in 287 ms","date":1643981272019,"level":"INFO"}
{"requestId":"AE0B68F1-AC54-CFA2-FF89-6B7716631E00","message":"Remove all old services from DB","date":1643981272021,"level":"INFO"}
{"requestId":"AE0B68F1-AC54-CFA2-FF89-6B7716631E00","message":"Production path to tmp folder /opt/backendless/repo/2338d9e8-6a00-a259-ff96-7507df32ab00/files/servercode/CODELESS/NEAR/PRODUCTION.old.-991202345","date":1643981272023,"level":"INFO"}
{"requestId":"AE0B68F1-AC54-CFA2-FF89-6B7716631E00","message":"Coping code to production folder","date":1643981272024,"level":"INFO"}
{"requestId":"AE0B68F1-AC54-CFA2-FF89-6B7716631E00","message":"Copied code to production folder","date":1643981272041,"level":"INFO"}
{"requestId":"AE0B68F1-AC54-CFA2-FF89-6B7716631E00","message":"Starting file cleanup operations","date":1643981272042,"level":"INFO"}
{"requestId":"AE0B68F1-AC54-CFA2-FF89-6B7716631E00","message":"Waiting for cleanup old logic","date":1643981272042,"level":"INFO"}
{"requestId":"AE0B68F1-AC54-CFA2-FF89-6B7716631E00","message":"Deleting old production folder","date":1643981272042,"level":"INFO"}
{"requestId":"AE0B68F1-AC54-CFA2-FF89-6B7716631E00","message":"Lock released","date":1643981272151,"level":"INFO"}
{"requestId":"AE0B68F1-AC54-CFA2-FF89-6B7716631E00","message":"Removed cache","date":1643981272152,"level":"INFO"}
{"requestId":"AE0B68F1-AC54-CFA2-FF89-6B7716631E00","message":"Star timer for PRODUCTION","date":1643981272153,"level":"INFO"}
{"requestId":"AE0B68F1-AC54-CFA2-FF89-6B7716631E00","message":"Deploy finished.","date":1643981272156,"level":"INFO"}
