{"requestId":"CD9FF370-8152-B1CE-FF0F-841A4EEB4600","message":"Check if another code deploy in process","date":1643616995133,"level":"INFO"}
{"requestId":"CD9FF370-8152-B1CE-FF0F-841A4EEB4600","message":"Stop timers for model 'NEAR' for PRODUCTION mode","date":1643616995133,"level":"INFO"}
{"requestId":"CD9FF370-8152-B1CE-FF0F-841A4EEB4600","message":"Check if another deploy process in progress","date":1643616995136,"level":"INFO"}
{"requestId":"CD9FF370-8152-B1CE-FF0F-841A4EEB4600","message":"Got lock for deploy process","date":1643616995137,"level":"INFO"}
{"requestId":"CD9FF370-8152-B1CE-FF0F-841A4EEB4600","message":"Inspecting code on coderunner...","date":1643616995137,"level":"INFO"}
{"requestId":"CD9FF370-8152-B1CE-FF0F-841A4EEB4600","message":"Code inspected in 132 ms.","date":1643616995269,"level":"INFO"}
{"requestId":"CD9FF370-8152-B1CE-FF0F-841A4EEB4600","message":"Check limits","date":1643616995269,"level":"INFO"}
{"requestId":"CD9FF370-8152-B1CE-FF0F-841A4EEB4600","message":"Remove PRODUCTION deployment model 'NEAR'","date":1643616995281,"level":"INFO"}
{"requestId":"CD9FF370-8152-B1CE-FF0F-841A4EEB4600","message":"Removed PRODUCTION deployment model 'NEAR'","date":1643616995287,"level":"INFO"}
{"requestId":"CD9FF370-8152-B1CE-FF0F-841A4EEB4600","message":"Parsing model from coderunner, creating event, timers and services in DB","date":1643616995287,"level":"INFO"}
{"requestId":"CD9FF370-8152-B1CE-FF0F-841A4EEB4600","message":"Parsed model in 47 ms","date":1643616995334,"level":"INFO"}
{"requestId":"CD9FF370-8152-B1CE-FF0F-841A4EEB4600","message":"Remove all old services from DB","date":1643616995336,"level":"INFO"}
{"requestId":"CD9FF370-8152-B1CE-FF0F-841A4EEB4600","message":"Production path to tmp folder /opt/backendless/repo/2338d9e8-6a00-a259-ff96-7507df32ab00/files/servercode/CODELESS/NEAR/PRODUCTION.old.-1355479030","date":1643616995338,"level":"INFO"}
{"requestId":"CD9FF370-8152-B1CE-FF0F-841A4EEB4600","message":"Coping code to production folder","date":1643616995339,"level":"INFO"}
{"requestId":"CD9FF370-8152-B1CE-FF0F-841A4EEB4600","message":"Copied code to production folder","date":1643616995346,"level":"INFO"}
{"requestId":"CD9FF370-8152-B1CE-FF0F-841A4EEB4600","message":"Starting file cleanup operations","date":1643616995346,"level":"INFO"}
{"requestId":"CD9FF370-8152-B1CE-FF0F-841A4EEB4600","message":"Waiting for cleanup old logic","date":1643616995346,"level":"INFO"}
{"requestId":"CD9FF370-8152-B1CE-FF0F-841A4EEB4600","message":"Deleting old production folder","date":1643616995346,"level":"INFO"}
{"requestId":"CD9FF370-8152-B1CE-FF0F-841A4EEB4600","message":"Lock released","date":1643616995349,"level":"INFO"}
{"requestId":"CD9FF370-8152-B1CE-FF0F-841A4EEB4600","message":"Removed cache","date":1643616995350,"level":"INFO"}
{"requestId":"CD9FF370-8152-B1CE-FF0F-841A4EEB4600","message":"Star timer for PRODUCTION","date":1643616995351,"level":"INFO"}
{"requestId":"CD9FF370-8152-B1CE-FF0F-841A4EEB4600","message":"Deploy finished.","date":1643616995353,"level":"INFO"}
