{"requestId":"D41DC518-4869-2635-FF08-87F168927900","message":"Check if another code deploy in process","date":1643460174360,"level":"INFO"}
{"requestId":"D41DC518-4869-2635-FF08-87F168927900","message":"Stop timers for model 'NEAR' for PRODUCTION mode","date":1643460174361,"level":"INFO"}
{"requestId":"D41DC518-4869-2635-FF08-87F168927900","message":"Check if another deploy process in progress","date":1643460174363,"level":"INFO"}
{"requestId":"D41DC518-4869-2635-FF08-87F168927900","message":"Got lock for deploy process","date":1643460174363,"level":"INFO"}
{"requestId":"D41DC518-4869-2635-FF08-87F168927900","message":"Inspecting code on coderunner...","date":1643460174363,"level":"INFO"}
{"requestId":"D41DC518-4869-2635-FF08-87F168927900","message":"Code inspected in 119 ms.","date":1643460174482,"level":"INFO"}
{"requestId":"D41DC518-4869-2635-FF08-87F168927900","message":"Check limits","date":1643460174482,"level":"INFO"}
{"requestId":"D41DC518-4869-2635-FF08-87F168927900","message":"Remove PRODUCTION deployment model 'NEAR'","date":1643460174493,"level":"INFO"}
{"requestId":"D41DC518-4869-2635-FF08-87F168927900","message":"Removed PRODUCTION deployment model 'NEAR'","date":1643460174498,"level":"INFO"}
{"requestId":"D41DC518-4869-2635-FF08-87F168927900","message":"Parsing model from coderunner, creating event, timers and services in DB","date":1643460174498,"level":"INFO"}
{"requestId":"D41DC518-4869-2635-FF08-87F168927900","message":"Parsed model in 24 ms","date":1643460174522,"level":"INFO"}
{"requestId":"D41DC518-4869-2635-FF08-87F168927900","message":"Remove all old services from DB","date":1643460174524,"level":"INFO"}
{"requestId":"D41DC518-4869-2635-FF08-87F168927900","message":"Production path to tmp folder /opt/backendless/repo/2338d9e8-6a00-a259-ff96-7507df32ab00/files/servercode/CODELESS/NEAR/PRODUCTION.old.-1512299840","date":1643460174528,"level":"INFO"}
{"requestId":"D41DC518-4869-2635-FF08-87F168927900","message":"Coping code to production folder","date":1643460174528,"level":"INFO"}
{"requestId":"D41DC518-4869-2635-FF08-87F168927900","message":"Copied code to production folder","date":1643460174537,"level":"INFO"}
{"requestId":"D41DC518-4869-2635-FF08-87F168927900","message":"Starting file cleanup operations","date":1643460174537,"level":"INFO"}
{"requestId":"D41DC518-4869-2635-FF08-87F168927900","message":"Waiting for cleanup old logic","date":1643460174537,"level":"INFO"}
{"requestId":"D41DC518-4869-2635-FF08-87F168927900","message":"Deleting old production folder","date":1643460174537,"level":"INFO"}
{"requestId":"D41DC518-4869-2635-FF08-87F168927900","message":"Lock released","date":1643460174542,"level":"INFO"}
{"requestId":"D41DC518-4869-2635-FF08-87F168927900","message":"Removed cache","date":1643460174543,"level":"INFO"}
{"requestId":"D41DC518-4869-2635-FF08-87F168927900","message":"Star timer for PRODUCTION","date":1643460174543,"level":"INFO"}
{"requestId":"D41DC518-4869-2635-FF08-87F168927900","message":"Deploy finished.","date":1643460174546,"level":"INFO"}
