{"requestId":"E20481FC-1992-0A1E-FF61-18764AF59E00","message":"Check if another code deploy in process","date":1643824727639,"level":"INFO"}
{"requestId":"E20481FC-1992-0A1E-FF61-18764AF59E00","message":"Stop timers for model 'NEAR' for PRODUCTION mode","date":1643824727639,"level":"INFO"}
{"requestId":"E20481FC-1992-0A1E-FF61-18764AF59E00","message":"Check if another deploy process in progress","date":1643824727642,"level":"INFO"}
{"requestId":"E20481FC-1992-0A1E-FF61-18764AF59E00","message":"Got lock for deploy process","date":1643824727643,"level":"INFO"}
{"requestId":"E20481FC-1992-0A1E-FF61-18764AF59E00","message":"Inspecting code on coderunner...","date":1643824727643,"level":"INFO"}
{"requestId":"E20481FC-1992-0A1E-FF61-18764AF59E00","message":"Code inspected in 136 ms.","date":1643824727779,"level":"INFO"}
{"requestId":"E20481FC-1992-0A1E-FF61-18764AF59E00","message":"Check limits","date":1643824727779,"level":"INFO"}
{"requestId":"E20481FC-1992-0A1E-FF61-18764AF59E00","message":"Remove PRODUCTION deployment model 'NEAR'","date":1643824727790,"level":"INFO"}
{"requestId":"E20481FC-1992-0A1E-FF61-18764AF59E00","message":"Removed PRODUCTION deployment model 'NEAR'","date":1643824727794,"level":"INFO"}
{"requestId":"E20481FC-1992-0A1E-FF61-18764AF59E00","message":"Parsing model from coderunner, creating event, timers and services in DB","date":1643824727794,"level":"INFO"}
{"requestId":"E20481FC-1992-0A1E-FF61-18764AF59E00","message":"Parsed model in 51 ms","date":1643824727845,"level":"INFO"}
{"requestId":"E20481FC-1992-0A1E-FF61-18764AF59E00","message":"Remove all old services from DB","date":1643824727847,"level":"INFO"}
{"requestId":"E20481FC-1992-0A1E-FF61-18764AF59E00","message":"Production path to tmp folder /opt/backendless/repo/2338d9e8-6a00-a259-ff96-7507df32ab00/files/servercode/CODELESS/NEAR/PRODUCTION.old.-1147746519","date":1643824727849,"level":"INFO"}
{"requestId":"E20481FC-1992-0A1E-FF61-18764AF59E00","message":"Coping code to production folder","date":1643824727850,"level":"INFO"}
{"requestId":"E20481FC-1992-0A1E-FF61-18764AF59E00","message":"Copied code to production folder","date":1643824727863,"level":"INFO"}
{"requestId":"E20481FC-1992-0A1E-FF61-18764AF59E00","message":"Starting file cleanup operations","date":1643824727863,"level":"INFO"}
{"requestId":"E20481FC-1992-0A1E-FF61-18764AF59E00","message":"Waiting for cleanup old logic","date":1643824727863,"level":"INFO"}
{"requestId":"E20481FC-1992-0A1E-FF61-18764AF59E00","message":"Deleting old production folder","date":1643824727863,"level":"INFO"}
{"requestId":"E20481FC-1992-0A1E-FF61-18764AF59E00","message":"Lock released","date":1643824728176,"level":"INFO"}
{"requestId":"E20481FC-1992-0A1E-FF61-18764AF59E00","message":"Removed cache","date":1643824728177,"level":"INFO"}
{"requestId":"E20481FC-1992-0A1E-FF61-18764AF59E00","message":"Star timer for PRODUCTION","date":1643824728177,"level":"INFO"}
{"requestId":"E20481FC-1992-0A1E-FF61-18764AF59E00","message":"Deploy finished.","date":1643824728180,"level":"INFO"}
