{"requestId":"E28990C6-051F-DDFF-FF2D-B10F4EE0F800","message":"Check if another code deploy in process","date":1643616794926,"level":"INFO"}
{"requestId":"E28990C6-051F-DDFF-FF2D-B10F4EE0F800","message":"Stop timers for model 'NEAR' for PRODUCTION mode","date":1643616794927,"level":"INFO"}
{"requestId":"E28990C6-051F-DDFF-FF2D-B10F4EE0F800","message":"Check if another deploy process in progress","date":1643616794930,"level":"INFO"}
{"requestId":"E28990C6-051F-DDFF-FF2D-B10F4EE0F800","message":"Got lock for deploy process","date":1643616794931,"level":"INFO"}
{"requestId":"E28990C6-051F-DDFF-FF2D-B10F4EE0F800","message":"Inspecting code on coderunner...","date":1643616794931,"level":"INFO"}
{"requestId":"E28990C6-051F-DDFF-FF2D-B10F4EE0F800","message":"Code inspected in 135 ms.","date":1643616795066,"level":"INFO"}
{"requestId":"E28990C6-051F-DDFF-FF2D-B10F4EE0F800","message":"Check limits","date":1643616795066,"level":"INFO"}
{"requestId":"E28990C6-051F-DDFF-FF2D-B10F4EE0F800","message":"Remove PRODUCTION deployment model 'NEAR'","date":1643616795083,"level":"INFO"}
{"requestId":"E28990C6-051F-DDFF-FF2D-B10F4EE0F800","message":"Removed PRODUCTION deployment model 'NEAR'","date":1643616795089,"level":"INFO"}
{"requestId":"E28990C6-051F-DDFF-FF2D-B10F4EE0F800","message":"Parsing model from coderunner, creating event, timers and services in DB","date":1643616795089,"level":"INFO"}
{"requestId":"E28990C6-051F-DDFF-FF2D-B10F4EE0F800","message":"Parsed model in 48 ms","date":1643616795137,"level":"INFO"}
{"requestId":"E28990C6-051F-DDFF-FF2D-B10F4EE0F800","message":"Remove all old services from DB","date":1643616795139,"level":"INFO"}
{"requestId":"E28990C6-051F-DDFF-FF2D-B10F4EE0F800","message":"Production path to tmp folder /opt/backendless/repo/2338d9e8-6a00-a259-ff96-7507df32ab00/files/servercode/CODELESS/NEAR/PRODUCTION.old.-1355679227","date":1643616795141,"level":"INFO"}
{"requestId":"E28990C6-051F-DDFF-FF2D-B10F4EE0F800","message":"Coping code to production folder","date":1643616795141,"level":"INFO"}
{"requestId":"E28990C6-051F-DDFF-FF2D-B10F4EE0F800","message":"Copied code to production folder","date":1643616795150,"level":"INFO"}
{"requestId":"E28990C6-051F-DDFF-FF2D-B10F4EE0F800","message":"Starting file cleanup operations","date":1643616795150,"level":"INFO"}
{"requestId":"E28990C6-051F-DDFF-FF2D-B10F4EE0F800","message":"Waiting for cleanup old logic","date":1643616795150,"level":"INFO"}
{"requestId":"E28990C6-051F-DDFF-FF2D-B10F4EE0F800","message":"Deleting old production folder","date":1643616795150,"level":"INFO"}
{"requestId":"E28990C6-051F-DDFF-FF2D-B10F4EE0F800","message":"Lock released","date":1643616795155,"level":"INFO"}
{"requestId":"E28990C6-051F-DDFF-FF2D-B10F4EE0F800","message":"Removed cache","date":1643616795156,"level":"INFO"}
{"requestId":"E28990C6-051F-DDFF-FF2D-B10F4EE0F800","message":"Star timer for PRODUCTION","date":1643616795157,"level":"INFO"}
{"requestId":"E28990C6-051F-DDFF-FF2D-B10F4EE0F800","message":"Deploy finished.","date":1643616795159,"level":"INFO"}
