{"requestId":"F90858EB-236F-907A-FF85-650AC79DF000","message":"Check if another code deploy in process","date":1643794521658,"level":"INFO"}
{"requestId":"F90858EB-236F-907A-FF85-650AC79DF000","message":"Stop timers for model 'NEAR' for PRODUCTION mode","date":1643794521659,"level":"INFO"}
{"requestId":"F90858EB-236F-907A-FF85-650AC79DF000","message":"Check if another deploy process in progress","date":1643794521662,"level":"INFO"}
{"requestId":"F90858EB-236F-907A-FF85-650AC79DF000","message":"Got lock for deploy process","date":1643794521663,"level":"INFO"}
{"requestId":"F90858EB-236F-907A-FF85-650AC79DF000","message":"Inspecting code on coderunner...","date":1643794521663,"level":"INFO"}
{"requestId":"F90858EB-236F-907A-FF85-650AC79DF000","message":"Code inspected in 147 ms.","date":1643794521810,"level":"INFO"}
{"requestId":"F90858EB-236F-907A-FF85-650AC79DF000","message":"Check limits","date":1643794521810,"level":"INFO"}
{"requestId":"F90858EB-236F-907A-FF85-650AC79DF000","message":"Remove PRODUCTION deployment model 'NEAR'","date":1643794521822,"level":"INFO"}
{"requestId":"F90858EB-236F-907A-FF85-650AC79DF000","message":"Removed PRODUCTION deployment model 'NEAR'","date":1643794521828,"level":"INFO"}
{"requestId":"F90858EB-236F-907A-FF85-650AC79DF000","message":"Parsing model from coderunner, creating event, timers and services in DB","date":1643794521828,"level":"INFO"}
{"requestId":"F90858EB-236F-907A-FF85-650AC79DF000","message":"Parsed model in 258 ms","date":1643794522086,"level":"INFO"}
{"requestId":"F90858EB-236F-907A-FF85-650AC79DF000","message":"Remove all old services from DB","date":1643794522089,"level":"INFO"}
{"requestId":"F90858EB-236F-907A-FF85-650AC79DF000","message":"Production path to tmp folder /opt/backendless/repo/2338d9e8-6a00-a259-ff96-7507df32ab00/files/servercode/CODELESS/NEAR/PRODUCTION.old.-1177952277","date":1643794522091,"level":"INFO"}
{"requestId":"F90858EB-236F-907A-FF85-650AC79DF000","message":"Coping code to production folder","date":1643794522092,"level":"INFO"}
{"requestId":"F90858EB-236F-907A-FF85-650AC79DF000","message":"Copied code to production folder","date":1643794522109,"level":"INFO"}
{"requestId":"F90858EB-236F-907A-FF85-650AC79DF000","message":"Starting file cleanup operations","date":1643794522109,"level":"INFO"}
{"requestId":"F90858EB-236F-907A-FF85-650AC79DF000","message":"Waiting for cleanup old logic","date":1643794522109,"level":"INFO"}
{"requestId":"F90858EB-236F-907A-FF85-650AC79DF000","message":"Deleting old production folder","date":1643794522110,"level":"INFO"}
{"requestId":"F90858EB-236F-907A-FF85-650AC79DF000","message":"Lock released","date":1643794522115,"level":"INFO"}
{"requestId":"F90858EB-236F-907A-FF85-650AC79DF000","message":"Removed cache","date":1643794522116,"level":"INFO"}
{"requestId":"F90858EB-236F-907A-FF85-650AC79DF000","message":"Star timer for PRODUCTION","date":1643794522117,"level":"INFO"}
{"requestId":"F90858EB-236F-907A-FF85-650AC79DF000","message":"Deploy finished.","date":1643794522119,"level":"INFO"}
