{"requestId":"FA69C9A8-81B2-E794-FF17-FF4C0E3E3100","message":"Check if another code deploy in process","date":1643462159125,"level":"INFO"}
{"requestId":"FA69C9A8-81B2-E794-FF17-FF4C0E3E3100","message":"Stop timers for model 'NEAR' for PRODUCTION mode","date":1643462159125,"level":"INFO"}
{"requestId":"FA69C9A8-81B2-E794-FF17-FF4C0E3E3100","message":"Check if another deploy process in progress","date":1643462159128,"level":"INFO"}
{"requestId":"FA69C9A8-81B2-E794-FF17-FF4C0E3E3100","message":"Got lock for deploy process","date":1643462159129,"level":"INFO"}
{"requestId":"FA69C9A8-81B2-E794-FF17-FF4C0E3E3100","message":"Inspecting code on coderunner...","date":1643462159129,"level":"INFO"}
{"requestId":"FA69C9A8-81B2-E794-FF17-FF4C0E3E3100","message":"Code inspected in 116 ms.","date":1643462159245,"level":"INFO"}
{"requestId":"FA69C9A8-81B2-E794-FF17-FF4C0E3E3100","message":"Check limits","date":1643462159245,"level":"INFO"}
{"requestId":"FA69C9A8-81B2-E794-FF17-FF4C0E3E3100","message":"Remove PRODUCTION deployment model 'NEAR'","date":1643462159257,"level":"INFO"}
{"requestId":"FA69C9A8-81B2-E794-FF17-FF4C0E3E3100","message":"Removed PRODUCTION deployment model 'NEAR'","date":1643462159262,"level":"INFO"}
{"requestId":"FA69C9A8-81B2-E794-FF17-FF4C0E3E3100","message":"Parsing model from coderunner, creating event, timers and services in DB","date":1643462159262,"level":"INFO"}
{"requestId":"FA69C9A8-81B2-E794-FF17-FF4C0E3E3100","message":"Parsed model in 229 ms","date":1643462159491,"level":"INFO"}
{"requestId":"FA69C9A8-81B2-E794-FF17-FF4C0E3E3100","message":"Remove all old services from DB","date":1643462159494,"level":"INFO"}
{"requestId":"FA69C9A8-81B2-E794-FF17-FF4C0E3E3100","message":"Production path to tmp folder /opt/backendless/repo/2338d9e8-6a00-a259-ff96-7507df32ab00/files/servercode/CODELESS/NEAR/PRODUCTION.old.-1510314872","date":1643462159496,"level":"INFO"}
{"requestId":"FA69C9A8-81B2-E794-FF17-FF4C0E3E3100","message":"Coping code to production folder","date":1643462159496,"level":"INFO"}
{"requestId":"FA69C9A8-81B2-E794-FF17-FF4C0E3E3100","message":"Copied code to production folder","date":1643462159506,"level":"INFO"}
{"requestId":"FA69C9A8-81B2-E794-FF17-FF4C0E3E3100","message":"Starting file cleanup operations","date":1643462159507,"level":"INFO"}
{"requestId":"FA69C9A8-81B2-E794-FF17-FF4C0E3E3100","message":"Waiting for cleanup old logic","date":1643462159507,"level":"INFO"}
{"requestId":"FA69C9A8-81B2-E794-FF17-FF4C0E3E3100","message":"Deleting old production folder","date":1643462159507,"level":"INFO"}
{"requestId":"FA69C9A8-81B2-E794-FF17-FF4C0E3E3100","message":"Lock released","date":1643462159511,"level":"INFO"}
{"requestId":"FA69C9A8-81B2-E794-FF17-FF4C0E3E3100","message":"Removed cache","date":1643462159512,"level":"INFO"}
{"requestId":"FA69C9A8-81B2-E794-FF17-FF4C0E3E3100","message":"Star timer for PRODUCTION","date":1643462159512,"level":"INFO"}
{"requestId":"FA69C9A8-81B2-E794-FF17-FF4C0E3E3100","message":"Deploy finished.","date":1643462159515,"level":"INFO"}
